{"/Users/shazyasif/step-towards-light/config/ai/config.js": {"path":"/Users/shazyasif/step-towards-light/config/ai/config.js","statementMap":{"0":{"start":{"line":7,"column":0},"end":{"line":160,"column":2}}},"fnMap":{},"branchMap":{},"s":{"0":1},"f":{},"b":{},"_coverageSchema":"1a1c01bbd47fc00a2c39e90264f33305004495a9","hash":"99df301f904357fedfd2bd1ffc8c3425fb443d6c"}
,"/Users/shazyasif/step-towards-light/scripts/ai/generate-report.js": {"path":"/Users/shazyasif/step-towards-light/scripts/ai/generate-report.js","statementMap":{"0":{"start":{"line":1,"column":11},"end":{"line":1,"column":24}},"1":{"start":{"line":2,"column":13},"end":{"line":2,"column":28}},"2":{"start":{"line":3,"column":11},"end":{"line":3,"column":41}},"3":{"start":{"line":4,"column":22},"end":{"line":4,"column":49}},"4":{"start":{"line":8,"column":4},"end":{"line":8,"column":64}},"5":{"start":{"line":9,"column":4},"end":{"line":9,"column":29}},"6":{"start":{"line":13,"column":4},"end":{"line":15,"column":5}},"7":{"start":{"line":14,"column":6},"end":{"line":14,"column":57}},"8":{"start":{"line":19,"column":4},"end":{"line":39,"column":5}},"9":{"start":{"line":20,"column":6},"end":{"line":20,"column":54}},"10":{"start":{"line":23,"column":22},"end":{"line":23,"column":54}},"11":{"start":{"line":26,"column":23},"end":{"line":26,"column":56}},"12":{"start":{"line":29,"column":21},"end":{"line":29,"column":57}},"13":{"start":{"line":32,"column":6},"end":{"line":32,"column":30}},"14":{"start":{"line":34,"column":6},"end":{"line":34,"column":51}},"15":{"start":{"line":35,"column":6},"end":{"line":35,"column":20}},"16":{"start":{"line":37,"column":6},"end":{"line":37,"column":55}},"17":{"start":{"line":38,"column":6},"end":{"line":38,"column":18}},"18":{"start":{"line":43,"column":21},"end":{"line":43,"column":23}},"19":{"start":{"line":46,"column":25},"end":{"line":46,"column":73}},"20":{"start":{"line":47,"column":27},"end":{"line":47,"column":57}},"21":{"start":{"line":48,"column":4},"end":{"line":48,"column":64}},"22":{"start":{"line":51,"column":31},"end":{"line":54,"column":5}},"23":{"start":{"line":55,"column":23},"end":{"line":55,"column":79}},"24":{"start":{"line":56,"column":25},"end":{"line":56,"column":53}},"25":{"start":{"line":57,"column":4},"end":{"line":57,"column":67}},"26":{"start":{"line":60,"column":28},"end":{"line":63,"column":5}},"27":{"start":{"line":64,"column":22},"end":{"line":64,"column":75}},"28":{"start":{"line":65,"column":24},"end":{"line":65,"column":51}},"29":{"start":{"line":66,"column":4},"end":{"line":66,"column":63}},"30":{"start":{"line":68,"column":4},"end":{"line":68,"column":20}},"31":{"start":{"line":72,"column":4},"end":{"line":81,"column":6}},"32":{"start":{"line":86,"column":24},"end":{"line":88,"column":5}},"33":{"start":{"line":87,"column":6},"end":{"line":87,"column":53}},"34":{"start":{"line":90,"column":24},"end":{"line":92,"column":5}},"35":{"start":{"line":91,"column":6},"end":{"line":91,"column":87}},"36":{"start":{"line":94,"column":4},"end":{"line":94,"column":39}},"37":{"start":{"line":94,"column":21},"end":{"line":94,"column":39}},"38":{"start":{"line":95,"column":4},"end":{"line":95,"column":38}},"39":{"start":{"line":95,"column":21},"end":{"line":95,"column":38}},"40":{"start":{"line":96,"column":4},"end":{"line":96,"column":21}},"41":{"start":{"line":100,"column":20},"end":{"line":104,"column":5}},"42":{"start":{"line":106,"column":4},"end":{"line":116,"column":7}},"43":{"start":{"line":107,"column":6},"end":{"line":109,"column":7}},"44":{"start":{"line":108,"column":8},"end":{"line":108,"column":56}},"45":{"start":{"line":110,"column":6},"end":{"line":115,"column":7}},"46":{"start":{"line":111,"column":8},"end":{"line":114,"column":10}},"47":{"start":{"line":113,"column":25},"end":{"line":113,"column":40}},"48":{"start":{"line":118,"column":4},"end":{"line":118,"column":19}},"49":{"start":{"line":122,"column":28},"end":{"line":122,"column":30}},"50":{"start":{"line":124,"column":4},"end":{"line":133,"column":7}},"51":{"start":{"line":125,"column":6},"end":{"line":132,"column":7}},"52":{"start":{"line":126,"column":8},"end":{"line":131,"column":10}},"53":{"start":{"line":127,"column":59},"end":{"line":130,"column":11}},"54":{"start":{"line":135,"column":4},"end":{"line":135,"column":67}},"55":{"start":{"line":135,"column":42},"end":{"line":135,"column":65}},"56":{"start":{"line":139,"column":21},"end":{"line":139,"column":51}},"57":{"start":{"line":140,"column":21},"end":{"line":140,"column":57}},"58":{"start":{"line":142,"column":4},"end":{"line":142,"column":64}},"59":{"start":{"line":145,"column":23},"end":{"line":145,"column":64}},"60":{"start":{"line":146,"column":4},"end":{"line":146,"column":66}},"61":{"start":{"line":148,"column":4},"end":{"line":148,"column":20}},"62":{"start":{"line":153,"column":24},"end":{"line":153,"column":47}},"63":{"start":{"line":154,"column":0},"end":{"line":154,"column":33}},"64":{"start":{"line":157,"column":0},"end":{"line":161,"column":1}},"65":{"start":{"line":158,"column":2},"end":{"line":160,"column":26}},"66":{"start":{"line":159,"column":16},"end":{"line":159,"column":57}}},"fnMap":{"0":{"name":"(anonymous_0)","decl":{"start":{"line":7,"column":2},"end":{"line":7,"column":3}},"loc":{"start":{"line":7,"column":16},"end":{"line":10,"column":3}},"line":7},"1":{"name":"(anonymous_1)","decl":{"start":{"line":12,"column":2},"end":{"line":12,"column":3}},"loc":{"start":{"line":12,"column":22},"end":{"line":16,"column":3}},"line":12},"2":{"name":"(anonymous_2)","decl":{"start":{"line":18,"column":2},"end":{"line":18,"column":3}},"loc":{"start":{"line":18,"column":25},"end":{"line":40,"column":3}},"line":18},"3":{"name":"(anonymous_3)","decl":{"start":{"line":42,"column":2},"end":{"line":42,"column":3}},"loc":{"start":{"line":42,"column":31},"end":{"line":69,"column":3}},"line":42},"4":{"name":"(anonymous_4)","decl":{"start":{"line":71,"column":2},"end":{"line":71,"column":3}},"loc":{"start":{"line":71,"column":34},"end":{"line":82,"column":3}},"line":71},"5":{"name":"(anonymous_5)","decl":{"start":{"line":84,"column":2},"end":{"line":84,"column":3}},"loc":{"start":{"line":84,"column":28},"end":{"line":97,"column":3}},"line":84},"6":{"name":"(anonymous_6)","decl":{"start":{"line":86,"column":38},"end":{"line":86,"column":39}},"loc":{"start":{"line":87,"column":6},"end":{"line":87,"column":53}},"line":87},"7":{"name":"(anonymous_7)","decl":{"start":{"line":90,"column":38},"end":{"line":90,"column":39}},"loc":{"start":{"line":91,"column":6},"end":{"line":91,"column":87}},"line":91},"8":{"name":"(anonymous_8)","decl":{"start":{"line":99,"column":2},"end":{"line":99,"column":3}},"loc":{"start":{"line":99,"column":28},"end":{"line":119,"column":3}},"line":99},"9":{"name":"(anonymous_9)","decl":{"start":{"line":106,"column":21},"end":{"line":106,"column":22}},"loc":{"start":{"line":106,"column":33},"end":{"line":116,"column":5}},"line":106},"10":{"name":"(anonymous_10)","decl":{"start":{"line":113,"column":20},"end":{"line":113,"column":21}},"loc":{"start":{"line":113,"column":25},"end":{"line":113,"column":40}},"line":113},"11":{"name":"(anonymous_11)","decl":{"start":{"line":121,"column":2},"end":{"line":121,"column":3}},"loc":{"start":{"line":121,"column":35},"end":{"line":136,"column":3}},"line":121},"12":{"name":"(anonymous_12)","decl":{"start":{"line":124,"column":21},"end":{"line":124,"column":22}},"loc":{"start":{"line":124,"column":33},"end":{"line":133,"column":5}},"line":124},"13":{"name":"(anonymous_13)","decl":{"start":{"line":127,"column":51},"end":{"line":127,"column":52}},"loc":{"start":{"line":127,"column":59},"end":{"line":130,"column":11}},"line":127},"14":{"name":"(anonymous_14)","decl":{"start":{"line":135,"column":32},"end":{"line":135,"column":33}},"loc":{"start":{"line":135,"column":42},"end":{"line":135,"column":65}},"line":135},"15":{"name":"(anonymous_15)","decl":{"start":{"line":138,"column":2},"end":{"line":138,"column":3}},"loc":{"start":{"line":138,"column":21},"end":{"line":149,"column":3}},"line":138},"16":{"name":"(anonymous_16)","decl":{"start":{"line":159,"column":10},"end":{"line":159,"column":11}},"loc":{"start":{"line":159,"column":16},"end":{"line":159,"column":57}},"line":159}},"branchMap":{"0":{"loc":{"start":{"line":13,"column":4},"end":{"line":15,"column":5}},"type":"if","locations":[{"start":{"line":13,"column":4},"end":{"line":15,"column":5}},{"start":{},"end":{}}],"line":13},"1":{"loc":{"start":{"line":87,"column":6},"end":{"line":87,"column":53}},"type":"binary-expr","locations":[{"start":{"line":87,"column":6},"end":{"line":87,"column":22}},{"start":{"line":87,"column":26},"end":{"line":87,"column":53}}],"line":87},"2":{"loc":{"start":{"line":91,"column":6},"end":{"line":91,"column":87}},"type":"binary-expr","locations":[{"start":{"line":91,"column":6},"end":{"line":91,"column":27}},{"start":{"line":91,"column":31},"end":{"line":91,"column":87}}],"line":91},"3":{"loc":{"start":{"line":94,"column":4},"end":{"line":94,"column":39}},"type":"if","locations":[{"start":{"line":94,"column":4},"end":{"line":94,"column":39}},{"start":{},"end":{}}],"line":94},"4":{"loc":{"start":{"line":95,"column":4},"end":{"line":95,"column":38}},"type":"if","locations":[{"start":{"line":95,"column":4},"end":{"line":95,"column":38}},{"start":{},"end":{}}],"line":95},"5":{"loc":{"start":{"line":107,"column":6},"end":{"line":109,"column":7}},"type":"if","locations":[{"start":{"line":107,"column":6},"end":{"line":109,"column":7}},{"start":{},"end":{}}],"line":107},"6":{"loc":{"start":{"line":110,"column":6},"end":{"line":115,"column":7}},"type":"if","locations":[{"start":{"line":110,"column":6},"end":{"line":115,"column":7}},{"start":{},"end":{}}],"line":110},"7":{"loc":{"start":{"line":125,"column":6},"end":{"line":132,"column":7}},"type":"if","locations":[{"start":{"line":125,"column":6},"end":{"line":132,"column":7}},{"start":{},"end":{}}],"line":125},"8":{"loc":{"start":{"line":157,"column":0},"end":{"line":161,"column":1}},"type":"if","locations":[{"start":{"line":157,"column":0},"end":{"line":161,"column":1}},{"start":{},"end":{}}],"line":157}},"s":{"0":1,"1":1,"2":1,"3":1,"4":1,"5":1,"6":1,"7":0,"8":2,"9":2,"10":2,"11":2,"12":2,"13":2,"14":2,"15":2,"16":0,"17":0,"18":2,"19":2,"20":2,"21":2,"22":2,"23":2,"24":2,"25":2,"26":2,"27":2,"28":2,"29":2,"30":2,"31":2,"32":4,"33":12,"34":4,"35":12,"36":4,"37":0,"38":4,"39":0,"40":4,"41":2,"42":2,"43":6,"44":0,"45":6,"46":0,"47":0,"48":2,"49":2,"50":2,"51":6,"52":0,"53":0,"54":2,"55":0,"56":2,"57":2,"58":2,"59":2,"60":2,"61":2,"62":1,"63":1,"64":1,"65":0,"66":0},"f":{"0":1,"1":1,"2":2,"3":2,"4":2,"5":4,"6":12,"7":12,"8":2,"9":6,"10":0,"11":2,"12":6,"13":0,"14":0,"15":2,"16":0},"b":{"0":[0,1],"1":[12,0],"2":[12,0],"3":[0,4],"4":[0,4],"5":[0,6],"6":[0,6],"7":[0,6],"8":[0,1]},"_coverageSchema":"1a1c01bbd47fc00a2c39e90264f33305004495a9","hash":"f429060ea63b0675bc7aabab5d95fba0a0b160bd"}
,"/Users/shazyasif/step-towards-light/scripts/ai/llama_integration.js": {"path":"/Users/shazyasif/step-towards-light/scripts/ai/llama_integration.js","statementMap":{"0":{"start":{"line":1,"column":17},"end":{"line":1,"column":41}},"1":{"start":{"line":2,"column":11},"end":{"line":2,"column":24}},"2":{"start":{"line":3,"column":13},"end":{"line":3,"column":28}},"3":{"start":{"line":4,"column":13},"end":{"line":4,"column":28}},"4":{"start":{"line":5,"column":18},"end":{"line":5,"column":38}},"5":{"start":{"line":9,"column":4},"end":{"line":9,"column":38}},"6":{"start":{"line":10,"column":4},"end":{"line":10,"column":58}},"7":{"start":{"line":11,"column":4},"end":{"line":11,"column":29}},"8":{"start":{"line":15,"column":4},"end":{"line":17,"column":5}},"9":{"start":{"line":16,"column":6},"end":{"line":16,"column":57}},"10":{"start":{"line":21,"column":4},"end":{"line":27,"column":5}},"11":{"start":{"line":23,"column":6},"end":{"line":23,"column":42}},"12":{"start":{"line":25,"column":6},"end":{"line":25,"column":42}},"13":{"start":{"line":26,"column":6},"end":{"line":26,"column":64}},"14":{"start":{"line":29,"column":4},"end":{"line":36,"column":5}},"15":{"start":{"line":31,"column":6},"end":{"line":31,"column":55}},"16":{"start":{"line":32,"column":6},"end":{"line":32,"column":41}},"17":{"start":{"line":34,"column":6},"end":{"line":34,"column":56}},"18":{"start":{"line":35,"column":6},"end":{"line":35,"column":18}},"19":{"start":{"line":40,"column":20},"end":{"line":49,"column":5}},"20":{"start":{"line":51,"column":4},"end":{"line":54,"column":6}},"21":{"start":{"line":56,"column":4},"end":{"line":56,"column":19}},"22":{"start":{"line":60,"column":4},"end":{"line":65,"column":5}},"23":{"start":{"line":61,"column":25},"end":{"line":61,"column":65}},"24":{"start":{"line":62,"column":6},"end":{"line":62,"column":50}},"25":{"start":{"line":64,"column":6},"end":{"line":64,"column":57}},"26":{"start":{"line":69,"column":4},"end":{"line":74,"column":5}},"27":{"start":{"line":70,"column":29},"end":{"line":70,"column":100}},"28":{"start":{"line":71,"column":6},"end":{"line":71,"column":65}},"29":{"start":{"line":73,"column":6},"end":{"line":73,"column":57}},"30":{"start":{"line":78,"column":27},"end":{"line":78,"column":73}},"31":{"start":{"line":79,"column":4},"end":{"line":83,"column":6}},"32":{"start":{"line":87,"column":4},"end":{"line":92,"column":5}},"33":{"start":{"line":88,"column":26},"end":{"line":88,"column":72}},"34":{"start":{"line":89,"column":6},"end":{"line":89,"column":50}},"35":{"start":{"line":91,"column":6},"end":{"line":91,"column":33}},"36":{"start":{"line":96,"column":4},"end":{"line":101,"column":5}},"37":{"start":{"line":97,"column":25},"end":{"line":97,"column":78}},"38":{"start":{"line":98,"column":6},"end":{"line":98,"column":32}},"39":{"start":{"line":100,"column":6},"end":{"line":100,"column":16}},"40":{"start":{"line":105,"column":20},"end":{"line":105,"column":54}},"41":{"start":{"line":107,"column":4},"end":{"line":129,"column":3}},"42":{"start":{"line":133,"column":4},"end":{"line":149,"column":5}},"43":{"start":{"line":134,"column":21},"end":{"line":134,"column":53}},"44":{"start":{"line":137,"column":25},"end":{"line":137,"column":84}},"45":{"start":{"line":140,"column":23},"end":{"line":140,"column":41}},"46":{"start":{"line":143,"column":6},"end":{"line":143,"column":40}},"47":{"start":{"line":145,"column":6},"end":{"line":145,"column":22}},"48":{"start":{"line":147,"column":6},"end":{"line":147,"column":53}},"49":{"start":{"line":148,"column":6},"end":{"line":148,"column":18}},"50":{"start":{"line":153,"column":21},"end":{"line":161,"column":5}},"51":{"start":{"line":163,"column":20},"end":{"line":163,"column":70}},"52":{"start":{"line":164,"column":17},"end":{"line":165,"column":55}},"53":{"start":{"line":167,"column":4},"end":{"line":167,"column":24}},"54":{"start":{"line":168,"column":4},"end":{"line":168,"column":61}},"55":{"start":{"line":172,"column":0},"end":{"line":172,"column":42}},"56":{"start":{"line":175,"column":0},"end":{"line":180,"column":1}},"57":{"start":{"line":176,"column":13},"end":{"line":176,"column":37}},"58":{"start":{"line":177,"column":2},"end":{"line":179,"column":26}},"59":{"start":{"line":178,"column":16},"end":{"line":178,"column":52}}},"fnMap":{"0":{"name":"(anonymous_0)","decl":{"start":{"line":8,"column":2},"end":{"line":8,"column":3}},"loc":{"start":{"line":8,"column":16},"end":{"line":12,"column":3}},"line":8},"1":{"name":"(anonymous_1)","decl":{"start":{"line":14,"column":2},"end":{"line":14,"column":3}},"loc":{"start":{"line":14,"column":22},"end":{"line":18,"column":3}},"line":14},"2":{"name":"(anonymous_2)","decl":{"start":{"line":20,"column":2},"end":{"line":20,"column":3}},"loc":{"start":{"line":20,"column":21},"end":{"line":37,"column":3}},"line":20},"3":{"name":"(anonymous_3)","decl":{"start":{"line":39,"column":2},"end":{"line":39,"column":3}},"loc":{"start":{"line":39,"column":32},"end":{"line":57,"column":3}},"line":39},"4":{"name":"(anonymous_4)","decl":{"start":{"line":59,"column":2},"end":{"line":59,"column":3}},"loc":{"start":{"line":59,"column":26},"end":{"line":66,"column":3}},"line":59},"5":{"name":"(anonymous_5)","decl":{"start":{"line":68,"column":2},"end":{"line":68,"column":3}},"loc":{"start":{"line":68,"column":30},"end":{"line":75,"column":3}},"line":68},"6":{"name":"(anonymous_6)","decl":{"start":{"line":77,"column":2},"end":{"line":77,"column":3}},"loc":{"start":{"line":77,"column":28},"end":{"line":84,"column":3}},"line":77},"7":{"name":"(anonymous_7)","decl":{"start":{"line":86,"column":2},"end":{"line":86,"column":3}},"loc":{"start":{"line":86,"column":16},"end":{"line":93,"column":3}},"line":86},"8":{"name":"(anonymous_8)","decl":{"start":{"line":95,"column":2},"end":{"line":95,"column":3}},"loc":{"start":{"line":95,"column":27},"end":{"line":102,"column":3}},"line":95},"9":{"name":"(anonymous_9)","decl":{"start":{"line":104,"column":2},"end":{"line":104,"column":3}},"loc":{"start":{"line":104,"column":30},"end":{"line":130,"column":3}},"line":104},"10":{"name":"(anonymous_10)","decl":{"start":{"line":132,"column":2},"end":{"line":132,"column":3}},"loc":{"start":{"line":132,"column":23},"end":{"line":150,"column":3}},"line":132},"11":{"name":"(anonymous_11)","decl":{"start":{"line":152,"column":2},"end":{"line":152,"column":3}},"loc":{"start":{"line":152,"column":31},"end":{"line":169,"column":3}},"line":152},"12":{"name":"(anonymous_12)","decl":{"start":{"line":178,"column":10},"end":{"line":178,"column":11}},"loc":{"start":{"line":178,"column":16},"end":{"line":178,"column":52}},"line":178}},"branchMap":{"0":{"loc":{"start":{"line":15,"column":4},"end":{"line":17,"column":5}},"type":"if","locations":[{"start":{"line":15,"column":4},"end":{"line":17,"column":5}},{"start":{},"end":{}}],"line":15},"1":{"loc":{"start":{"line":164,"column":17},"end":{"line":165,"column":55}},"type":"cond-expr","locations":[{"start":{"line":165,"column":6},"end":{"line":165,"column":50}},{"start":{"line":165,"column":53},"end":{"line":165,"column":55}}],"line":164},"2":{"loc":{"start":{"line":175,"column":0},"end":{"line":180,"column":1}},"type":"if","locations":[{"start":{"line":175,"column":0},"end":{"line":180,"column":1}},{"start":{},"end":{}}],"line":175}},"s":{"0":1,"1":1,"2":1,"3":1,"4":1,"5":1,"6":1,"7":1,"8":1,"9":0,"10":0,"11":0,"12":0,"13":0,"14":0,"15":0,"16":0,"17":0,"18":0,"19":2,"20":2,"21":2,"22":2,"23":2,"24":2,"25":0,"26":2,"27":2,"28":2,"29":0,"30":2,"31":2,"32":2,"33":2,"34":2,"35":0,"36":2,"37":2,"38":2,"39":0,"40":0,"41":0,"42":0,"43":0,"44":0,"45":0,"46":0,"47":0,"48":0,"49":0,"50":0,"51":0,"52":0,"53":0,"54":0,"55":1,"56":1,"57":0,"58":0,"59":0},"f":{"0":1,"1":1,"2":0,"3":2,"4":2,"5":2,"6":2,"7":2,"8":2,"9":0,"10":0,"11":0,"12":0},"b":{"0":[0,1],"1":[0,0],"2":[0,1]},"_coverageSchema":"1a1c01bbd47fc00a2c39e90264f33305004495a9","hash":"415de84c943fc8487853674955ce0b445d5fc308"}
,"/Users/shazyasif/step-towards-light/scripts/ai/prompt-manager.js": {"path":"/Users/shazyasif/step-towards-light/scripts/ai/prompt-manager.js","statementMap":{"0":{"start":{"line":1,"column":15},"end":{"line":1,"column":48}},"1":{"start":{"line":2,"column":11},"end":{"line":2,"column":24}},"2":{"start":{"line":3,"column":13},"end":{"line":3,"column":28}},"3":{"start":{"line":7,"column":4},"end":{"line":7,"column":25}},"4":{"start":{"line":8,"column":4},"end":{"line":8,"column":66}},"5":{"start":{"line":9,"column":4},"end":{"line":9,"column":29}},"6":{"start":{"line":13,"column":4},"end":{"line":15,"column":5}},"7":{"start":{"line":14,"column":6},"end":{"line":14,"column":57}},"8":{"start":{"line":19,"column":17},"end":{"line":19,"column":59}},"9":{"start":{"line":21,"column":4},"end":{"line":24,"column":6}},"10":{"start":{"line":26,"column":4},"end":{"line":26,"column":39}},"11":{"start":{"line":27,"column":4},"end":{"line":27,"column":18}},"12":{"start":{"line":31,"column":17},"end":{"line":31,"column":59}},"13":{"start":{"line":33,"column":4},"end":{"line":36,"column":70}},"14":{"start":{"line":38,"column":4},"end":{"line":38,"column":36}},"15":{"start":{"line":39,"column":4},"end":{"line":39,"column":18}},"16":{"start":{"line":43,"column":17},"end":{"line":43,"column":59}},"17":{"start":{"line":45,"column":4},"end":{"line":47,"column":66}},"18":{"start":{"line":49,"column":4},"end":{"line":49,"column":43}},"19":{"start":{"line":50,"column":4},"end":{"line":50,"column":18}},"20":{"start":{"line":54,"column":4},"end":{"line":77,"column":5}},"21":{"start":{"line":55,"column":21},"end":{"line":55,"column":41}},"22":{"start":{"line":58,"column":23},"end":{"line":58,"column":67}},"23":{"start":{"line":59,"column":22},"end":{"line":59,"column":62}},"24":{"start":{"line":59,"column":47},"end":{"line":59,"column":61}},"25":{"start":{"line":61,"column":6},"end":{"line":63,"column":7}},"26":{"start":{"line":62,"column":8},"end":{"line":62,"column":74}},"27":{"start":{"line":66,"column":31},"end":{"line":68,"column":7}},"28":{"start":{"line":67,"column":8},"end":{"line":67,"column":67}},"29":{"start":{"line":70,"column":6},"end":{"line":72,"column":7}},"30":{"start":{"line":71,"column":8},"end":{"line":71,"column":66}},"31":{"start":{"line":74,"column":6},"end":{"line":74,"column":20}},"32":{"start":{"line":76,"column":6},"end":{"line":76,"column":70}},"33":{"start":{"line":81,"column":20},"end":{"line":84,"column":5}},"34":{"start":{"line":86,"column":4},"end":{"line":86,"column":38}},"35":{"start":{"line":90,"column":22},"end":{"line":90,"column":80}},"36":{"start":{"line":91,"column":16},"end":{"line":91,"column":26}},"37":{"start":{"line":93,"column":4},"end":{"line":100,"column":7}},"38":{"start":{"line":94,"column":23},"end":{"line":94,"column":55}},"39":{"start":{"line":95,"column":20},"end":{"line":95,"column":41}},"40":{"start":{"line":97,"column":6},"end":{"line":99,"column":7}},"41":{"start":{"line":98,"column":8},"end":{"line":98,"column":32}},"42":{"start":{"line":104,"column":0},"end":{"line":104,"column":37}}},"fnMap":{"0":{"name":"(anonymous_0)","decl":{"start":{"line":6,"column":2},"end":{"line":6,"column":3}},"loc":{"start":{"line":6,"column":16},"end":{"line":10,"column":3}},"line":6},"1":{"name":"(anonymous_1)","decl":{"start":{"line":12,"column":2},"end":{"line":12,"column":3}},"loc":{"start":{"line":12,"column":22},"end":{"line":16,"column":3}},"line":12},"2":{"name":"(anonymous_2)","decl":{"start":{"line":18,"column":2},"end":{"line":18,"column":3}},"loc":{"start":{"line":18,"column":34},"end":{"line":28,"column":3}},"line":18},"3":{"name":"(anonymous_3)","decl":{"start":{"line":30,"column":2},"end":{"line":30,"column":3}},"loc":{"start":{"line":30,"column":29},"end":{"line":40,"column":3}},"line":30},"4":{"name":"(anonymous_4)","decl":{"start":{"line":42,"column":2},"end":{"line":42,"column":3}},"loc":{"start":{"line":42,"column":36},"end":{"line":51,"column":3}},"line":42},"5":{"name":"(anonymous_5)","decl":{"start":{"line":53,"column":2},"end":{"line":53,"column":3}},"loc":{"start":{"line":53,"column":29},"end":{"line":78,"column":3}},"line":53},"6":{"name":"(anonymous_6)","decl":{"start":{"line":59,"column":38},"end":{"line":59,"column":39}},"loc":{"start":{"line":59,"column":47},"end":{"line":59,"column":61}},"line":59},"7":{"name":"(anonymous_7)","decl":{"start":{"line":66,"column":59},"end":{"line":66,"column":60}},"loc":{"start":{"line":67,"column":8},"end":{"line":67,"column":67}},"line":67},"8":{"name":"(anonymous_8)","decl":{"start":{"line":80,"column":2},"end":{"line":80,"column":3}},"loc":{"start":{"line":80,"column":26},"end":{"line":87,"column":3}},"line":80},"9":{"name":"(anonymous_9)","decl":{"start":{"line":89,"column":2},"end":{"line":89,"column":3}},"loc":{"start":{"line":89,"column":19},"end":{"line":101,"column":3}},"line":89},"10":{"name":"(anonymous_10)","decl":{"start":{"line":93,"column":44},"end":{"line":93,"column":45}},"loc":{"start":{"line":93,"column":52},"end":{"line":100,"column":5}},"line":93}},"branchMap":{"0":{"loc":{"start":{"line":13,"column":4},"end":{"line":15,"column":5}},"type":"if","locations":[{"start":{"line":13,"column":4},"end":{"line":15,"column":5}},{"start":{},"end":{}}],"line":13},"1":{"loc":{"start":{"line":61,"column":6},"end":{"line":63,"column":7}},"type":"if","locations":[{"start":{"line":61,"column":6},"end":{"line":63,"column":7}},{"start":{},"end":{}}],"line":61},"2":{"loc":{"start":{"line":70,"column":6},"end":{"line":72,"column":7}},"type":"if","locations":[{"start":{"line":70,"column":6},"end":{"line":72,"column":7}},{"start":{},"end":{}}],"line":70},"3":{"loc":{"start":{"line":97,"column":6},"end":{"line":99,"column":7}},"type":"if","locations":[{"start":{"line":97,"column":6},"end":{"line":99,"column":7}},{"start":{},"end":{}}],"line":97}},"s":{"0":1,"1":1,"2":1,"3":1,"4":1,"5":1,"6":1,"7":0,"8":5,"9":5,"10":5,"11":5,"12":1,"13":1,"14":1,"15":1,"16":2,"17":2,"18":2,"19":2,"20":2,"21":2,"22":2,"23":2,"24":8,"25":2,"26":0,"27":2,"28":2,"29":2,"30":1,"31":1,"32":1,"33":8,"34":8,"35":0,"36":0,"37":0,"38":0,"39":0,"40":0,"41":0,"42":1},"f":{"0":1,"1":1,"2":5,"3":1,"4":2,"5":2,"6":8,"7":2,"8":8,"9":0,"10":0},"b":{"0":[0,1],"1":[0,2],"2":[1,1],"3":[0,0]},"_coverageSchema":"1a1c01bbd47fc00a2c39e90264f33305004495a9","hash":"70c6ce2b09fe31f670c61b5622333ef05e1f663c"}
}
