{"/Users/shazyasif/step-towards-light/config/ai/config.js": {"path":"/Users/shazyasif/step-towards-light/config/ai/config.js","statementMap":{"0":{"start":{"line":7,"column":0},"end":{"line":160,"column":2}}},"fnMap":{},"branchMap":{},"s":{"0":1},"f":{},"b":{},"_coverageSchema":"1a1c01bbd47fc00a2c39e90264f33305004495a9","hash":"99df301f904357fedfd2bd1ffc8c3425fb443d6c"}
,"/Users/shazyasif/step-towards-light/scripts/ai/alert-manager.js": {"path":"/Users/shazyasif/step-towards-light/scripts/ai/alert-manager.js","statementMap":{"0":{"start":{"line":1,"column":11},"end":{"line":1,"column":24}},"1":{"start":{"line":2,"column":13},"end":{"line":2,"column":28}},"2":{"start":{"line":6,"column":4},"end":{"line":6,"column":64}},"3":{"start":{"line":7,"column":4},"end":{"line":7,"column":67}},"4":{"start":{"line":8,"column":4},"end":{"line":8,"column":29}},"5":{"start":{"line":12,"column":4},"end":{"line":14,"column":5}},"6":{"start":{"line":13,"column":6},"end":{"line":13,"column":56}},"7":{"start":{"line":18,"column":4},"end":{"line":26,"column":5}},"8":{"start":{"line":19,"column":20},"end":{"line":19,"column":46}},"9":{"start":{"line":20,"column":6},"end":{"line":20,"column":34}},"10":{"start":{"line":21,"column":6},"end":{"line":21,"column":36}},"11":{"start":{"line":22,"column":6},"end":{"line":22,"column":19}},"12":{"start":{"line":24,"column":6},"end":{"line":24,"column":54}},"13":{"start":{"line":25,"column":6},"end":{"line":25,"column":18}},"14":{"start":{"line":30,"column":18},"end":{"line":37,"column":5}},"15":{"start":{"line":39,"column":4},"end":{"line":39,"column":17}},"16":{"start":{"line":43,"column":4},"end":{"line":43,"column":41}},"17":{"start":{"line":43,"column":27},"end":{"line":43,"column":41}},"18":{"start":{"line":45,"column":36},"end":{"line":45,"column":52}},"19":{"start":{"line":46,"column":21},"end":{"line":46,"column":61}},"20":{"start":{"line":47,"column":24},"end":{"line":47,"column":70}},"21":{"start":{"line":49,"column":4},"end":{"line":55,"column":5}},"22":{"start":{"line":54,"column":6},"end":{"line":54,"column":24}},"23":{"start":{"line":57,"column":4},"end":{"line":63,"column":5}},"24":{"start":{"line":62,"column":6},"end":{"line":62,"column":23}},"25":{"start":{"line":65,"column":4},"end":{"line":65,"column":18}},"26":{"start":{"line":69,"column":4},"end":{"line":69,"column":44}},"27":{"start":{"line":69,"column":23},"end":{"line":69,"column":44}},"28":{"start":{"line":71,"column":4},"end":{"line":78,"column":5}},"29":{"start":{"line":72,"column":23},"end":{"line":72,"column":97}},"30":{"start":{"line":73,"column":26},"end":{"line":73,"column":106}},"31":{"start":{"line":75,"column":6},"end":{"line":75,"column":69}},"32":{"start":{"line":75,"column":50},"end":{"line":75,"column":69}},"33":{"start":{"line":76,"column":6},"end":{"line":76,"column":78}},"34":{"start":{"line":76,"column":56},"end":{"line":76,"column":78}},"35":{"start":{"line":77,"column":6},"end":{"line":77,"column":88}},"36":{"start":{"line":77,"column":68},"end":{"line":77,"column":88}},"37":{"start":{"line":80,"column":4},"end":{"line":80,"column":26}},"38":{"start":{"line":84,"column":21},"end":{"line":84,"column":39}},"39":{"start":{"line":85,"column":21},"end":{"line":85,"column":56}},"40":{"start":{"line":87,"column":4},"end":{"line":87,"column":63}},"41":{"start":{"line":90,"column":4},"end":{"line":90,"column":33}},"42":{"start":{"line":94,"column":22},"end":{"line":94,"column":61}},"43":{"start":{"line":95,"column":16},"end":{"line":95,"column":18}},"44":{"start":{"line":97,"column":4},"end":{"line":99,"column":5}},"45":{"start":{"line":98,"column":6},"end":{"line":98,"column":61}},"46":{"start":{"line":102,"column":4},"end":{"line":104,"column":5}},"47":{"start":{"line":103,"column":6},"end":{"line":103,"column":17}},"48":{"start":{"line":107,"column":4},"end":{"line":116,"column":6}},"49":{"start":{"line":119,"column":4},"end":{"line":121,"column":5}},"50":{"start":{"line":120,"column":6},"end":{"line":120,"column":34}},"51":{"start":{"line":123,"column":4},"end":{"line":123,"column":64}},"52":{"start":{"line":128,"column":4},"end":{"line":128,"column":96}},"53":{"start":{"line":131,"column":4},"end":{"line":140,"column":5}},"54":{"start":{"line":133,"column":8},"end":{"line":133,"column":41}},"55":{"start":{"line":134,"column":8},"end":{"line":134,"column":14}},"56":{"start":{"line":136,"column":8},"end":{"line":136,"column":40}},"57":{"start":{"line":137,"column":8},"end":{"line":137,"column":14}},"58":{"start":{"line":139,"column":8},"end":{"line":139,"column":37}},"59":{"start":{"line":144,"column":4},"end":{"line":144,"column":63}},"60":{"start":{"line":148,"column":4},"end":{"line":148,"column":55}},"61":{"start":{"line":152,"column":4},"end":{"line":152,"column":52}},"62":{"start":{"line":156,"column":22},"end":{"line":156,"column":61}},"63":{"start":{"line":157,"column":4},"end":{"line":157,"column":45}},"64":{"start":{"line":157,"column":35},"end":{"line":157,"column":45}},"65":{"start":{"line":159,"column":18},"end":{"line":159,"column":64}},"66":{"start":{"line":162,"column":4},"end":{"line":162,"column":41}},"67":{"start":{"line":162,"column":31},"end":{"line":162,"column":41}},"68":{"start":{"line":164,"column":4},"end":{"line":164,"column":57}},"69":{"start":{"line":164,"column":33},"end":{"line":164,"column":55}},"70":{"start":{"line":168,"column":22},"end":{"line":168,"column":66}},"71":{"start":{"line":169,"column":4},"end":{"line":171,"column":5}},"72":{"start":{"line":170,"column":6},"end":{"line":170,"column":52}},"73":{"start":{"line":173,"column":18},"end":{"line":173,"column":64}},"74":{"start":{"line":174,"column":4},"end":{"line":174,"column":34}},"75":{"start":{"line":175,"column":4},"end":{"line":175,"column":52}},"76":{"start":{"line":177,"column":4},"end":{"line":177,"column":64}},"77":{"start":{"line":178,"column":4},"end":{"line":178,"column":33}},"78":{"start":{"line":180,"column":4},"end":{"line":180,"column":17}},"79":{"start":{"line":184,"column":0},"end":{"line":184,"column":36}}},"fnMap":{"0":{"name":"(anonymous_0)","decl":{"start":{"line":5,"column":2},"end":{"line":5,"column":3}},"loc":{"start":{"line":5,"column":16},"end":{"line":9,"column":3}},"line":5},"1":{"name":"(anonymous_1)","decl":{"start":{"line":11,"column":2},"end":{"line":11,"column":3}},"loc":{"start":{"line":11,"column":22},"end":{"line":15,"column":3}},"line":11},"2":{"name":"(anonymous_2)","decl":{"start":{"line":17,"column":2},"end":{"line":17,"column":3}},"loc":{"start":{"line":17,"column":31},"end":{"line":27,"column":3}},"line":17},"3":{"name":"(anonymous_3)","decl":{"start":{"line":29,"column":2},"end":{"line":29,"column":3}},"loc":{"start":{"line":29,"column":24},"end":{"line":40,"column":3}},"line":29},"4":{"name":"(anonymous_4)","decl":{"start":{"line":42,"column":2},"end":{"line":42,"column":3}},"loc":{"start":{"line":42,"column":30},"end":{"line":66,"column":3}},"line":42},"5":{"name":"(anonymous_5)","decl":{"start":{"line":68,"column":2},"end":{"line":68,"column":3}},"loc":{"start":{"line":68,"column":31},"end":{"line":81,"column":3}},"line":68},"6":{"name":"(anonymous_6)","decl":{"start":{"line":83,"column":2},"end":{"line":83,"column":3}},"loc":{"start":{"line":83,"column":25},"end":{"line":91,"column":3}},"line":83},"7":{"name":"(anonymous_7)","decl":{"start":{"line":93,"column":2},"end":{"line":93,"column":3}},"loc":{"start":{"line":93,"column":26},"end":{"line":124,"column":3}},"line":93},"8":{"name":"(anonymous_8)","decl":{"start":{"line":126,"column":2},"end":{"line":126,"column":3}},"loc":{"start":{"line":126,"column":27},"end":{"line":141,"column":3}},"line":126},"9":{"name":"(anonymous_9)","decl":{"start":{"line":143,"column":2},"end":{"line":143,"column":3}},"loc":{"start":{"line":143,"column":30},"end":{"line":145,"column":3}},"line":143},"10":{"name":"(anonymous_10)","decl":{"start":{"line":147,"column":2},"end":{"line":147,"column":3}},"loc":{"start":{"line":147,"column":29},"end":{"line":149,"column":3}},"line":147},"11":{"name":"(anonymous_11)","decl":{"start":{"line":151,"column":2},"end":{"line":151,"column":3}},"loc":{"start":{"line":151,"column":26},"end":{"line":153,"column":3}},"line":151},"12":{"name":"(anonymous_12)","decl":{"start":{"line":155,"column":2},"end":{"line":155,"column":3}},"loc":{"start":{"line":155,"column":26},"end":{"line":165,"column":3}},"line":155},"13":{"name":"(anonymous_13)","decl":{"start":{"line":164,"column":24},"end":{"line":164,"column":25}},"loc":{"start":{"line":164,"column":33},"end":{"line":164,"column":55}},"line":164},"14":{"name":"(anonymous_14)","decl":{"start":{"line":167,"column":2},"end":{"line":167,"column":3}},"loc":{"start":{"line":167,"column":34},"end":{"line":181,"column":3}},"line":167}},"branchMap":{"0":{"loc":{"start":{"line":12,"column":4},"end":{"line":14,"column":5}},"type":"if","locations":[{"start":{"line":12,"column":4},"end":{"line":14,"column":5}},{"start":{},"end":{}}],"line":12},"1":{"loc":{"start":{"line":43,"column":4},"end":{"line":43,"column":41}},"type":"if","locations":[{"start":{"line":43,"column":4},"end":{"line":43,"column":41}},{"start":{},"end":{}}],"line":43},"2":{"loc":{"start":{"line":46,"column":21},"end":{"line":46,"column":61}},"type":"cond-expr","locations":[{"start":{"line":46,"column":27},"end":{"line":46,"column":57}},{"start":{"line":46,"column":60},"end":{"line":46,"column":61}}],"line":46},"3":{"loc":{"start":{"line":47,"column":24},"end":{"line":47,"column":70}},"type":"cond-expr","locations":[{"start":{"line":47,"column":33},"end":{"line":47,"column":66}},{"start":{"line":47,"column":69},"end":{"line":47,"column":70}}],"line":47},"4":{"loc":{"start":{"line":49,"column":4},"end":{"line":55,"column":5}},"type":"if","locations":[{"start":{"line":49,"column":4},"end":{"line":55,"column":5}},{"start":{},"end":{}}],"line":49},"5":{"loc":{"start":{"line":50,"column":6},"end":{"line":52,"column":46}},"type":"binary-expr","locations":[{"start":{"line":50,"column":6},"end":{"line":50,"column":45}},{"start":{"line":51,"column":6},"end":{"line":51,"column":51}},{"start":{"line":52,"column":6},"end":{"line":52,"column":46}}],"line":50},"6":{"loc":{"start":{"line":57,"column":4},"end":{"line":63,"column":5}},"type":"if","locations":[{"start":{"line":57,"column":4},"end":{"line":63,"column":5}},{"start":{},"end":{}}],"line":57},"7":{"loc":{"start":{"line":58,"column":6},"end":{"line":60,"column":45}},"type":"binary-expr","locations":[{"start":{"line":58,"column":6},"end":{"line":58,"column":44}},{"start":{"line":59,"column":6},"end":{"line":59,"column":50}},{"start":{"line":60,"column":6},"end":{"line":60,"column":45}}],"line":58},"8":{"loc":{"start":{"line":69,"column":4},"end":{"line":69,"column":44}},"type":"if","locations":[{"start":{"line":69,"column":4},"end":{"line":69,"column":44}},{"start":{},"end":{}}],"line":69},"9":{"loc":{"start":{"line":71,"column":4},"end":{"line":78,"column":5}},"type":"if","locations":[{"start":{"line":71,"column":4},"end":{"line":78,"column":5}},{"start":{},"end":{}}],"line":71},"10":{"loc":{"start":{"line":72,"column":23},"end":{"line":72,"column":97}},"type":"cond-expr","locations":[{"start":{"line":72,"column":46},"end":{"line":72,"column":93}},{"start":{"line":72,"column":96},"end":{"line":72,"column":97}}],"line":72},"11":{"loc":{"start":{"line":73,"column":26},"end":{"line":73,"column":106}},"type":"cond-expr","locations":[{"start":{"line":73,"column":52},"end":{"line":73,"column":102}},{"start":{"line":73,"column":105},"end":{"line":73,"column":106}}],"line":73},"12":{"loc":{"start":{"line":75,"column":6},"end":{"line":75,"column":69}},"type":"if","locations":[{"start":{"line":75,"column":6},"end":{"line":75,"column":69}},{"start":{},"end":{}}],"line":75},"13":{"loc":{"start":{"line":76,"column":6},"end":{"line":76,"column":78}},"type":"if","locations":[{"start":{"line":76,"column":6},"end":{"line":76,"column":78}},{"start":{},"end":{}}],"line":76},"14":{"loc":{"start":{"line":77,"column":6},"end":{"line":77,"column":88}},"type":"if","locations":[{"start":{"line":77,"column":6},"end":{"line":77,"column":88}},{"start":{},"end":{}}],"line":77},"15":{"loc":{"start":{"line":97,"column":4},"end":{"line":99,"column":5}},"type":"if","locations":[{"start":{"line":97,"column":4},"end":{"line":99,"column":5}},{"start":{},"end":{}}],"line":97},"16":{"loc":{"start":{"line":102,"column":4},"end":{"line":104,"column":5}},"type":"if","locations":[{"start":{"line":102,"column":4},"end":{"line":104,"column":5}},{"start":{},"end":{}}],"line":102},"17":{"loc":{"start":{"line":119,"column":4},"end":{"line":121,"column":5}},"type":"if","locations":[{"start":{"line":119,"column":4},"end":{"line":121,"column":5}},{"start":{},"end":{}}],"line":119},"18":{"loc":{"start":{"line":131,"column":4},"end":{"line":140,"column":5}},"type":"switch","locations":[{"start":{"line":132,"column":6},"end":{"line":134,"column":14}},{"start":{"line":135,"column":6},"end":{"line":137,"column":14}},{"start":{"line":138,"column":6},"end":{"line":139,"column":37}}],"line":131},"19":{"loc":{"start":{"line":157,"column":4},"end":{"line":157,"column":45}},"type":"if","locations":[{"start":{"line":157,"column":4},"end":{"line":157,"column":45}},{"start":{},"end":{}}],"line":157},"20":{"loc":{"start":{"line":162,"column":4},"end":{"line":162,"column":41}},"type":"if","locations":[{"start":{"line":162,"column":4},"end":{"line":162,"column":41}},{"start":{},"end":{}}],"line":162},"21":{"loc":{"start":{"line":169,"column":4},"end":{"line":171,"column":5}},"type":"if","locations":[{"start":{"line":169,"column":4},"end":{"line":171,"column":5}},{"start":{},"end":{}}],"line":169}},"s":{"0":1,"1":1,"2":1,"3":1,"4":1,"5":1,"6":0,"7":0,"8":0,"9":0,"10":0,"11":0,"12":0,"13":0,"14":0,"15":0,"16":0,"17":0,"18":0,"19":0,"20":0,"21":0,"22":0,"23":0,"24":0,"25":0,"26":0,"27":0,"28":0,"29":0,"30":0,"31":0,"32":0,"33":0,"34":0,"35":0,"36":0,"37":0,"38":0,"39":0,"40":0,"41":0,"42":0,"43":0,"44":0,"45":0,"46":0,"47":0,"48":0,"49":0,"50":0,"51":0,"52":0,"53":0,"54":0,"55":0,"56":0,"57":0,"58":0,"59":0,"60":0,"61":0,"62":16,"63":16,"64":0,"65":16,"66":16,"67":16,"68":0,"69":0,"70":0,"71":0,"72":0,"73":0,"74":0,"75":0,"76":0,"77":0,"78":0,"79":1},"f":{"0":1,"1":1,"2":0,"3":0,"4":0,"5":0,"6":0,"7":0,"8":0,"9":0,"10":0,"11":0,"12":16,"13":0,"14":0},"b":{"0":[0,1],"1":[0,0],"2":[0,0],"3":[0,0],"4":[0,0],"5":[0,0,0],"6":[0,0],"7":[0,0,0],"8":[0,0],"9":[0,0],"10":[0,0],"11":[0,0],"12":[0,0],"13":[0,0],"14":[0,0],"15":[0,0],"16":[0,0],"17":[0,0],"18":[0,0,0],"19":[0,16],"20":[16,0],"21":[0,0]},"_coverageSchema":"1a1c01bbd47fc00a2c39e90264f33305004495a9","hash":"26c14ed5c86bcec248d38b0799fc87850f02a7cc"}
,"/Users/shazyasif/step-towards-light/scripts/ai/dashboard.js": {"path":"/Users/shazyasif/step-towards-light/scripts/ai/dashboard.js","statementMap":{"0":{"start":{"line":1,"column":11},"end":{"line":1,"column":24}},"1":{"start":{"line":2,"column":13},"end":{"line":2,"column":28}},"2":{"start":{"line":3,"column":11},"end":{"line":3,"column":41}},"3":{"start":{"line":4,"column":21},"end":{"line":4,"column":47}},"4":{"start":{"line":5,"column":17},"end":{"line":5,"column":38}},"5":{"start":{"line":9,"column":4},"end":{"line":9,"column":62}},"6":{"start":{"line":10,"column":4},"end":{"line":10,"column":29}},"7":{"start":{"line":14,"column":4},"end":{"line":16,"column":5}},"8":{"start":{"line":15,"column":6},"end":{"line":15,"column":59}},"9":{"start":{"line":20,"column":4},"end":{"line":36,"column":5}},"10":{"start":{"line":21,"column":24},"end":{"line":28,"column":7}},"11":{"start":{"line":30,"column":6},"end":{"line":30,"column":42}},"12":{"start":{"line":31,"column":6},"end":{"line":31,"column":41}},"13":{"start":{"line":32,"column":6},"end":{"line":32,"column":23}},"14":{"start":{"line":34,"column":6},"end":{"line":34,"column":58}},"15":{"start":{"line":35,"column":6},"end":{"line":35,"column":18}},"16":{"start":{"line":40,"column":19},"end":{"line":40,"column":55}},"17":{"start":{"line":41,"column":19},"end":{"line":41,"column":51}},"18":{"start":{"line":43,"column":4},"end":{"line":51,"column":6}},"19":{"start":{"line":47,"column":37},"end":{"line":47,"column":62}},"20":{"start":{"line":48,"column":36},"end":{"line":48,"column":60}},"21":{"start":{"line":55,"column":19},"end":{"line":55,"column":55}},"22":{"start":{"line":56,"column":4},"end":{"line":63,"column":6}},"23":{"start":{"line":59,"column":37},"end":{"line":59,"column":62}},"24":{"start":{"line":60,"column":36},"end":{"line":60,"column":60}},"25":{"start":{"line":61,"column":33},"end":{"line":61,"column":54}},"26":{"start":{"line":67,"column":24},"end":{"line":67,"column":60}},"27":{"start":{"line":68,"column":4},"end":{"line":68,"column":47}},"28":{"start":{"line":68,"column":37},"end":{"line":68,"column":47}},"29":{"start":{"line":70,"column":4},"end":{"line":74,"column":19}},"30":{"start":{"line":71,"column":19},"end":{"line":71,"column":38}},"31":{"start":{"line":72,"column":16},"end":{"line":72,"column":78}},"32":{"start":{"line":73,"column":22},"end":{"line":73,"column":67}},"33":{"start":{"line":78,"column":19},"end":{"line":78,"column":55}},"34":{"start":{"line":79,"column":4},"end":{"line":79,"column":46}},"35":{"start":{"line":83,"column":27},"end":{"line":83,"column":98}},"36":{"start":{"line":84,"column":4},"end":{"line":86,"column":5}},"37":{"start":{"line":85,"column":6},"end":{"line":85,"column":35}},"38":{"start":{"line":88,"column":4},"end":{"line":88,"column":63}},"39":{"start":{"line":92,"column":21},"end":{"line":92,"column":51}},"40":{"start":{"line":93,"column":21},"end":{"line":93,"column":59}},"41":{"start":{"line":95,"column":4},"end":{"line":95,"column":67}},"42":{"start":{"line":98,"column":23},"end":{"line":98,"column":66}},"43":{"start":{"line":99,"column":4},"end":{"line":99,"column":69}},"44":{"start":{"line":103,"column":17},"end":{"line":232,"column":8}},"45":{"start":{"line":197,"column":55},"end":{"line":201,"column":17}},"46":{"start":{"line":206,"column":70},"end":{"line":211,"column":13}},"47":{"start":{"line":217,"column":55},"end":{"line":222,"column":17}},"48":{"start":{"line":234,"column":4},"end":{"line":234,"column":71}},"49":{"start":{"line":238,"column":0},"end":{"line":238,"column":35}},"50":{"start":{"line":241,"column":0},"end":{"line":246,"column":1}},"51":{"start":{"line":242,"column":20},"end":{"line":242,"column":37}},"52":{"start":{"line":243,"column":2},"end":{"line":245,"column":26}},"53":{"start":{"line":244,"column":16},"end":{"line":244,"column":63}}},"fnMap":{"0":{"name":"(anonymous_0)","decl":{"start":{"line":8,"column":2},"end":{"line":8,"column":3}},"loc":{"start":{"line":8,"column":16},"end":{"line":11,"column":3}},"line":8},"1":{"name":"(anonymous_1)","decl":{"start":{"line":13,"column":2},"end":{"line":13,"column":3}},"loc":{"start":{"line":13,"column":22},"end":{"line":17,"column":3}},"line":13},"2":{"name":"(anonymous_2)","decl":{"start":{"line":19,"column":2},"end":{"line":19,"column":3}},"loc":{"start":{"line":19,"column":28},"end":{"line":37,"column":3}},"line":19},"3":{"name":"(anonymous_3)","decl":{"start":{"line":39,"column":2},"end":{"line":39,"column":3}},"loc":{"start":{"line":39,"column":26},"end":{"line":52,"column":3}},"line":39},"4":{"name":"(anonymous_4)","decl":{"start":{"line":47,"column":32},"end":{"line":47,"column":33}},"loc":{"start":{"line":47,"column":37},"end":{"line":47,"column":62}},"line":47},"5":{"name":"(anonymous_5)","decl":{"start":{"line":48,"column":31},"end":{"line":48,"column":32}},"loc":{"start":{"line":48,"column":36},"end":{"line":48,"column":60}},"line":48},"6":{"name":"(anonymous_6)","decl":{"start":{"line":54,"column":2},"end":{"line":54,"column":3}},"loc":{"start":{"line":54,"column":27},"end":{"line":64,"column":3}},"line":54},"7":{"name":"(anonymous_7)","decl":{"start":{"line":59,"column":32},"end":{"line":59,"column":33}},"loc":{"start":{"line":59,"column":37},"end":{"line":59,"column":62}},"line":59},"8":{"name":"(anonymous_8)","decl":{"start":{"line":60,"column":31},"end":{"line":60,"column":32}},"loc":{"start":{"line":60,"column":36},"end":{"line":60,"column":60}},"line":60},"9":{"name":"(anonymous_9)","decl":{"start":{"line":61,"column":28},"end":{"line":61,"column":29}},"loc":{"start":{"line":61,"column":33},"end":{"line":61,"column":54}},"line":61},"10":{"name":"(anonymous_10)","decl":{"start":{"line":66,"column":2},"end":{"line":66,"column":3}},"loc":{"start":{"line":66,"column":28},"end":{"line":75,"column":3}},"line":66},"11":{"name":"(anonymous_11)","decl":{"start":{"line":71,"column":14},"end":{"line":71,"column":15}},"loc":{"start":{"line":71,"column":19},"end":{"line":71,"column":38}},"line":71},"12":{"name":"(anonymous_12)","decl":{"start":{"line":72,"column":11},"end":{"line":72,"column":12}},"loc":{"start":{"line":72,"column":16},"end":{"line":72,"column":78}},"line":72},"13":{"name":"(anonymous_13)","decl":{"start":{"line":73,"column":12},"end":{"line":73,"column":13}},"loc":{"start":{"line":73,"column":22},"end":{"line":73,"column":67}},"line":73},"14":{"name":"(anonymous_14)","decl":{"start":{"line":77,"column":2},"end":{"line":77,"column":3}},"loc":{"start":{"line":77,"column":32},"end":{"line":80,"column":3}},"line":77},"15":{"name":"(anonymous_15)","decl":{"start":{"line":82,"column":2},"end":{"line":82,"column":3}},"loc":{"start":{"line":82,"column":32},"end":{"line":89,"column":3}},"line":82},"16":{"name":"(anonymous_16)","decl":{"start":{"line":91,"column":2},"end":{"line":91,"column":3}},"loc":{"start":{"line":91,"column":33},"end":{"line":100,"column":3}},"line":91},"17":{"name":"(anonymous_17)","decl":{"start":{"line":102,"column":2},"end":{"line":102,"column":3}},"loc":{"start":{"line":102,"column":32},"end":{"line":235,"column":3}},"line":102},"18":{"name":"(anonymous_18)","decl":{"start":{"line":197,"column":46},"end":{"line":197,"column":47}},"loc":{"start":{"line":197,"column":55},"end":{"line":201,"column":17}},"line":197},"19":{"name":"(anonymous_19)","decl":{"start":{"line":206,"column":52},"end":{"line":206,"column":53}},"loc":{"start":{"line":206,"column":70},"end":{"line":211,"column":13}},"line":206},"20":{"name":"(anonymous_20)","decl":{"start":{"line":217,"column":48},"end":{"line":217,"column":49}},"loc":{"start":{"line":217,"column":55},"end":{"line":222,"column":17}},"line":217},"21":{"name":"(anonymous_21)","decl":{"start":{"line":244,"column":10},"end":{"line":244,"column":11}},"loc":{"start":{"line":244,"column":16},"end":{"line":244,"column":63}},"line":244}},"branchMap":{"0":{"loc":{"start":{"line":14,"column":4},"end":{"line":16,"column":5}},"type":"if","locations":[{"start":{"line":14,"column":4},"end":{"line":16,"column":5}},{"start":{},"end":{}}],"line":14},"1":{"loc":{"start":{"line":68,"column":4},"end":{"line":68,"column":47}},"type":"if","locations":[{"start":{"line":68,"column":4},"end":{"line":68,"column":47}},{"start":{},"end":{}}],"line":68},"2":{"loc":{"start":{"line":84,"column":4},"end":{"line":86,"column":5}},"type":"if","locations":[{"start":{"line":84,"column":4},"end":{"line":86,"column":5}},{"start":{},"end":{}}],"line":84},"3":{"loc":{"start":{"line":181,"column":28},"end":{"line":181,"column":90}},"type":"cond-expr","locations":[{"start":{"line":181,"column":69},"end":{"line":181,"column":78}},{"start":{"line":181,"column":81},"end":{"line":181,"column":90}}],"line":181},"4":{"loc":{"start":{"line":209,"column":25},"end":{"line":209,"column":82}},"type":"cond-expr","locations":[{"start":{"line":209,"column":53},"end":{"line":209,"column":74}},{"start":{"line":209,"column":77},"end":{"line":209,"column":82}}],"line":209},"5":{"loc":{"start":{"line":241,"column":0},"end":{"line":246,"column":1}},"type":"if","locations":[{"start":{"line":241,"column":0},"end":{"line":246,"column":1}},{"start":{},"end":{}}],"line":241}},"s":{"0":1,"1":1,"2":1,"3":1,"4":1,"5":1,"6":1,"7":1,"8":0,"9":3,"10":3,"11":3,"12":3,"13":3,"14":0,"15":0,"16":3,"17":3,"18":3,"19":0,"20":0,"21":4,"22":4,"23":0,"24":0,"25":0,"26":4,"27":4,"28":0,"29":4,"30":8,"31":8,"32":4,"33":3,"34":3,"35":4,"36":4,"37":0,"38":4,"39":3,"40":3,"41":3,"42":3,"43":3,"44":4,"45":0,"46":8,"47":0,"48":4,"49":1,"50":1,"51":0,"52":0,"53":0},"f":{"0":1,"1":1,"2":3,"3":3,"4":0,"5":0,"6":4,"7":0,"8":0,"9":0,"10":4,"11":8,"12":8,"13":4,"14":3,"15":4,"16":3,"17":4,"18":0,"19":8,"20":0,"21":0},"b":{"0":[0,1],"1":[0,4],"2":[0,4],"3":[4,0],"4":[3,5],"5":[0,1]},"_coverageSchema":"1a1c01bbd47fc00a2c39e90264f33305004495a9","hash":"5a2c92762400d1f692e69259773d26bda97012c1"}
,"/Users/shazyasif/step-towards-light/scripts/ai/llama_integration.js": {"path":"/Users/shazyasif/step-towards-light/scripts/ai/llama_integration.js","statementMap":{"0":{"start":{"line":1,"column":17},"end":{"line":1,"column":41}},"1":{"start":{"line":2,"column":11},"end":{"line":2,"column":24}},"2":{"start":{"line":3,"column":13},"end":{"line":3,"column":28}},"3":{"start":{"line":4,"column":13},"end":{"line":4,"column":28}},"4":{"start":{"line":5,"column":18},"end":{"line":5,"column":38}},"5":{"start":{"line":9,"column":4},"end":{"line":9,"column":38}},"6":{"start":{"line":10,"column":4},"end":{"line":10,"column":58}},"7":{"start":{"line":11,"column":4},"end":{"line":11,"column":29}},"8":{"start":{"line":15,"column":4},"end":{"line":17,"column":5}},"9":{"start":{"line":16,"column":6},"end":{"line":16,"column":57}},"10":{"start":{"line":21,"column":4},"end":{"line":27,"column":5}},"11":{"start":{"line":23,"column":6},"end":{"line":23,"column":42}},"12":{"start":{"line":25,"column":6},"end":{"line":25,"column":42}},"13":{"start":{"line":26,"column":6},"end":{"line":26,"column":64}},"14":{"start":{"line":29,"column":4},"end":{"line":36,"column":5}},"15":{"start":{"line":31,"column":6},"end":{"line":31,"column":55}},"16":{"start":{"line":32,"column":6},"end":{"line":32,"column":41}},"17":{"start":{"line":34,"column":6},"end":{"line":34,"column":56}},"18":{"start":{"line":35,"column":6},"end":{"line":35,"column":18}},"19":{"start":{"line":40,"column":20},"end":{"line":49,"column":5}},"20":{"start":{"line":51,"column":4},"end":{"line":54,"column":6}},"21":{"start":{"line":56,"column":4},"end":{"line":56,"column":19}},"22":{"start":{"line":60,"column":4},"end":{"line":65,"column":5}},"23":{"start":{"line":61,"column":25},"end":{"line":61,"column":65}},"24":{"start":{"line":62,"column":6},"end":{"line":62,"column":50}},"25":{"start":{"line":64,"column":6},"end":{"line":64,"column":57}},"26":{"start":{"line":69,"column":4},"end":{"line":74,"column":5}},"27":{"start":{"line":70,"column":29},"end":{"line":70,"column":100}},"28":{"start":{"line":71,"column":6},"end":{"line":71,"column":65}},"29":{"start":{"line":73,"column":6},"end":{"line":73,"column":57}},"30":{"start":{"line":78,"column":27},"end":{"line":78,"column":73}},"31":{"start":{"line":79,"column":4},"end":{"line":83,"column":6}},"32":{"start":{"line":87,"column":4},"end":{"line":92,"column":5}},"33":{"start":{"line":88,"column":26},"end":{"line":88,"column":72}},"34":{"start":{"line":89,"column":6},"end":{"line":89,"column":50}},"35":{"start":{"line":91,"column":6},"end":{"line":91,"column":33}},"36":{"start":{"line":96,"column":4},"end":{"line":101,"column":5}},"37":{"start":{"line":97,"column":25},"end":{"line":97,"column":78}},"38":{"start":{"line":98,"column":6},"end":{"line":98,"column":32}},"39":{"start":{"line":100,"column":6},"end":{"line":100,"column":16}},"40":{"start":{"line":105,"column":20},"end":{"line":105,"column":54}},"41":{"start":{"line":107,"column":4},"end":{"line":129,"column":3}},"42":{"start":{"line":133,"column":4},"end":{"line":149,"column":5}},"43":{"start":{"line":134,"column":21},"end":{"line":134,"column":53}},"44":{"start":{"line":137,"column":25},"end":{"line":137,"column":84}},"45":{"start":{"line":140,"column":23},"end":{"line":140,"column":41}},"46":{"start":{"line":143,"column":6},"end":{"line":143,"column":40}},"47":{"start":{"line":145,"column":6},"end":{"line":145,"column":22}},"48":{"start":{"line":147,"column":6},"end":{"line":147,"column":53}},"49":{"start":{"line":148,"column":6},"end":{"line":148,"column":18}},"50":{"start":{"line":153,"column":21},"end":{"line":161,"column":5}},"51":{"start":{"line":163,"column":20},"end":{"line":163,"column":70}},"52":{"start":{"line":164,"column":17},"end":{"line":165,"column":55}},"53":{"start":{"line":167,"column":4},"end":{"line":167,"column":24}},"54":{"start":{"line":168,"column":4},"end":{"line":168,"column":61}},"55":{"start":{"line":172,"column":0},"end":{"line":172,"column":42}},"56":{"start":{"line":175,"column":0},"end":{"line":180,"column":1}},"57":{"start":{"line":176,"column":13},"end":{"line":176,"column":37}},"58":{"start":{"line":177,"column":2},"end":{"line":179,"column":26}},"59":{"start":{"line":178,"column":16},"end":{"line":178,"column":52}}},"fnMap":{"0":{"name":"(anonymous_0)","decl":{"start":{"line":8,"column":2},"end":{"line":8,"column":3}},"loc":{"start":{"line":8,"column":16},"end":{"line":12,"column":3}},"line":8},"1":{"name":"(anonymous_1)","decl":{"start":{"line":14,"column":2},"end":{"line":14,"column":3}},"loc":{"start":{"line":14,"column":22},"end":{"line":18,"column":3}},"line":14},"2":{"name":"(anonymous_2)","decl":{"start":{"line":20,"column":2},"end":{"line":20,"column":3}},"loc":{"start":{"line":20,"column":21},"end":{"line":37,"column":3}},"line":20},"3":{"name":"(anonymous_3)","decl":{"start":{"line":39,"column":2},"end":{"line":39,"column":3}},"loc":{"start":{"line":39,"column":32},"end":{"line":57,"column":3}},"line":39},"4":{"name":"(anonymous_4)","decl":{"start":{"line":59,"column":2},"end":{"line":59,"column":3}},"loc":{"start":{"line":59,"column":26},"end":{"line":66,"column":3}},"line":59},"5":{"name":"(anonymous_5)","decl":{"start":{"line":68,"column":2},"end":{"line":68,"column":3}},"loc":{"start":{"line":68,"column":30},"end":{"line":75,"column":3}},"line":68},"6":{"name":"(anonymous_6)","decl":{"start":{"line":77,"column":2},"end":{"line":77,"column":3}},"loc":{"start":{"line":77,"column":28},"end":{"line":84,"column":3}},"line":77},"7":{"name":"(anonymous_7)","decl":{"start":{"line":86,"column":2},"end":{"line":86,"column":3}},"loc":{"start":{"line":86,"column":16},"end":{"line":93,"column":3}},"line":86},"8":{"name":"(anonymous_8)","decl":{"start":{"line":95,"column":2},"end":{"line":95,"column":3}},"loc":{"start":{"line":95,"column":27},"end":{"line":102,"column":3}},"line":95},"9":{"name":"(anonymous_9)","decl":{"start":{"line":104,"column":2},"end":{"line":104,"column":3}},"loc":{"start":{"line":104,"column":30},"end":{"line":130,"column":3}},"line":104},"10":{"name":"(anonymous_10)","decl":{"start":{"line":132,"column":2},"end":{"line":132,"column":3}},"loc":{"start":{"line":132,"column":23},"end":{"line":150,"column":3}},"line":132},"11":{"name":"(anonymous_11)","decl":{"start":{"line":152,"column":2},"end":{"line":152,"column":3}},"loc":{"start":{"line":152,"column":31},"end":{"line":169,"column":3}},"line":152},"12":{"name":"(anonymous_12)","decl":{"start":{"line":178,"column":10},"end":{"line":178,"column":11}},"loc":{"start":{"line":178,"column":16},"end":{"line":178,"column":52}},"line":178}},"branchMap":{"0":{"loc":{"start":{"line":15,"column":4},"end":{"line":17,"column":5}},"type":"if","locations":[{"start":{"line":15,"column":4},"end":{"line":17,"column":5}},{"start":{},"end":{}}],"line":15},"1":{"loc":{"start":{"line":164,"column":17},"end":{"line":165,"column":55}},"type":"cond-expr","locations":[{"start":{"line":165,"column":6},"end":{"line":165,"column":50}},{"start":{"line":165,"column":53},"end":{"line":165,"column":55}}],"line":164},"2":{"loc":{"start":{"line":175,"column":0},"end":{"line":180,"column":1}},"type":"if","locations":[{"start":{"line":175,"column":0},"end":{"line":180,"column":1}},{"start":{},"end":{}}],"line":175}},"s":{"0":1,"1":1,"2":1,"3":1,"4":1,"5":1,"6":1,"7":1,"8":1,"9":0,"10":0,"11":0,"12":0,"13":0,"14":0,"15":0,"16":0,"17":0,"18":0,"19":0,"20":0,"21":0,"22":0,"23":0,"24":0,"25":0,"26":0,"27":0,"28":0,"29":0,"30":0,"31":0,"32":0,"33":0,"34":0,"35":0,"36":0,"37":0,"38":0,"39":0,"40":0,"41":0,"42":0,"43":0,"44":0,"45":0,"46":0,"47":0,"48":0,"49":0,"50":0,"51":0,"52":0,"53":0,"54":0,"55":1,"56":1,"57":0,"58":0,"59":0},"f":{"0":1,"1":1,"2":0,"3":0,"4":0,"5":0,"6":0,"7":0,"8":0,"9":0,"10":0,"11":0,"12":0},"b":{"0":[0,1],"1":[0,0],"2":[0,1]},"_coverageSchema":"1a1c01bbd47fc00a2c39e90264f33305004495a9","hash":"415de84c943fc8487853674955ce0b445d5fc308"}
,"/Users/shazyasif/step-towards-light/scripts/ai/reporter.js": {"path":"/Users/shazyasif/step-towards-light/scripts/ai/reporter.js","statementMap":{"0":{"start":{"line":1,"column":11},"end":{"line":1,"column":24}},"1":{"start":{"line":2,"column":13},"end":{"line":2,"column":28}},"2":{"start":{"line":3,"column":21},"end":{"line":3,"column":47}},"3":{"start":{"line":7,"column":4},"end":{"line":7,"column":64}},"4":{"start":{"line":8,"column":4},"end":{"line":8,"column":29}},"5":{"start":{"line":12,"column":4},"end":{"line":14,"column":5}},"6":{"start":{"line":13,"column":6},"end":{"line":13,"column":57}},"7":{"start":{"line":18,"column":19},"end":{"line":25,"column":5}},"8":{"start":{"line":27,"column":4},"end":{"line":27,"column":34}},"9":{"start":{"line":28,"column":4},"end":{"line":28,"column":18}},"10":{"start":{"line":32,"column":19},"end":{"line":32,"column":55}},"11":{"start":{"line":34,"column":4},"end":{"line":45,"column":6}},"12":{"start":{"line":37,"column":37},"end":{"line":37,"column":62}},"13":{"start":{"line":38,"column":36},"end":{"line":38,"column":60}},"14":{"start":{"line":39,"column":33},"end":{"line":39,"column":54}},"15":{"start":{"line":42,"column":8},"end":{"line":42,"column":53}},"16":{"start":{"line":43,"column":8},"end":{"line":43,"column":19}},"17":{"start":{"line":49,"column":24},"end":{"line":49,"column":60}},"18":{"start":{"line":50,"column":4},"end":{"line":50,"column":47}},"19":{"start":{"line":50,"column":37},"end":{"line":50,"column":47}},"20":{"start":{"line":52,"column":18},"end":{"line":56,"column":19}},"21":{"start":{"line":53,"column":19},"end":{"line":53,"column":38}},"22":{"start":{"line":54,"column":16},"end":{"line":54,"column":78}},"23":{"start":{"line":55,"column":22},"end":{"line":55,"column":67}},"24":{"start":{"line":58,"column":4},"end":{"line":58,"column":17}},"25":{"start":{"line":62,"column":21},"end":{"line":62,"column":52}},"26":{"start":{"line":63,"column":28},"end":{"line":63,"column":30}},"27":{"start":{"line":65,"column":4},"end":{"line":69,"column":7}},"28":{"start":{"line":66,"column":6},"end":{"line":68,"column":7}},"29":{"start":{"line":67,"column":8},"end":{"line":67,"column":51}},"30":{"start":{"line":71,"column":4},"end":{"line":73,"column":19}},"31":{"start":{"line":72,"column":22},"end":{"line":72,"column":45}},"32":{"start":{"line":78,"column":27},"end":{"line":78,"column":98}},"33":{"start":{"line":79,"column":4},"end":{"line":81,"column":5}},"34":{"start":{"line":80,"column":6},"end":{"line":80,"column":35}},"35":{"start":{"line":83,"column":23},"end":{"line":83,"column":74}},"36":{"start":{"line":84,"column":25},"end":{"line":84,"column":61}},"37":{"start":{"line":86,"column":4},"end":{"line":91,"column":6}},"38":{"start":{"line":95,"column":4},"end":{"line":97,"column":5}},"39":{"start":{"line":95,"column":25},"end":{"line":95,"column":50}},"40":{"start":{"line":96,"column":6},"end":{"line":96,"column":24}},"41":{"start":{"line":99,"column":4},"end":{"line":101,"column":5}},"42":{"start":{"line":99,"column":25},"end":{"line":99,"column":49}},"43":{"start":{"line":100,"column":6},"end":{"line":100,"column":23}},"44":{"start":{"line":103,"column":4},"end":{"line":105,"column":5}},"45":{"start":{"line":104,"column":6},"end":{"line":104,"column":23}},"46":{"start":{"line":107,"column":4},"end":{"line":107,"column":21}},"47":{"start":{"line":111,"column":21},"end":{"line":111,"column":48}},"48":{"start":{"line":112,"column":21},"end":{"line":112,"column":57}},"49":{"start":{"line":114,"column":4},"end":{"line":114,"column":64}},"50":{"start":{"line":117,"column":23},"end":{"line":117,"column":64}},"51":{"start":{"line":118,"column":4},"end":{"line":118,"column":66}},"52":{"start":{"line":120,"column":4},"end":{"line":120,"column":20}},"53":{"start":{"line":124,"column":0},"end":{"line":124,"column":34}}},"fnMap":{"0":{"name":"(anonymous_0)","decl":{"start":{"line":6,"column":2},"end":{"line":6,"column":3}},"loc":{"start":{"line":6,"column":16},"end":{"line":9,"column":3}},"line":6},"1":{"name":"(anonymous_1)","decl":{"start":{"line":11,"column":2},"end":{"line":11,"column":3}},"loc":{"start":{"line":11,"column":22},"end":{"line":15,"column":3}},"line":11},"2":{"name":"(anonymous_2)","decl":{"start":{"line":17,"column":2},"end":{"line":17,"column":3}},"loc":{"start":{"line":17,"column":30},"end":{"line":29,"column":3}},"line":17},"3":{"name":"(anonymous_3)","decl":{"start":{"line":31,"column":2},"end":{"line":31,"column":3}},"loc":{"start":{"line":31,"column":27},"end":{"line":46,"column":3}},"line":31},"4":{"name":"(anonymous_4)","decl":{"start":{"line":37,"column":32},"end":{"line":37,"column":33}},"loc":{"start":{"line":37,"column":37},"end":{"line":37,"column":62}},"line":37},"5":{"name":"(anonymous_5)","decl":{"start":{"line":38,"column":31},"end":{"line":38,"column":32}},"loc":{"start":{"line":38,"column":36},"end":{"line":38,"column":60}},"line":38},"6":{"name":"(anonymous_6)","decl":{"start":{"line":39,"column":28},"end":{"line":39,"column":29}},"loc":{"start":{"line":39,"column":33},"end":{"line":39,"column":54}},"line":39},"7":{"name":"(anonymous_7)","decl":{"start":{"line":41,"column":28},"end":{"line":41,"column":29}},"loc":{"start":{"line":41,"column":44},"end":{"line":44,"column":7}},"line":41},"8":{"name":"(anonymous_8)","decl":{"start":{"line":48,"column":2},"end":{"line":48,"column":3}},"loc":{"start":{"line":48,"column":29},"end":{"line":59,"column":3}},"line":48},"9":{"name":"(anonymous_9)","decl":{"start":{"line":53,"column":14},"end":{"line":53,"column":15}},"loc":{"start":{"line":53,"column":19},"end":{"line":53,"column":38}},"line":53},"10":{"name":"(anonymous_10)","decl":{"start":{"line":54,"column":11},"end":{"line":54,"column":12}},"loc":{"start":{"line":54,"column":16},"end":{"line":54,"column":78}},"line":54},"11":{"name":"(anonymous_11)","decl":{"start":{"line":55,"column":12},"end":{"line":55,"column":13}},"loc":{"start":{"line":55,"column":22},"end":{"line":55,"column":67}},"line":55},"12":{"name":"(anonymous_12)","decl":{"start":{"line":61,"column":2},"end":{"line":61,"column":3}},"loc":{"start":{"line":61,"column":29},"end":{"line":74,"column":3}},"line":61},"13":{"name":"(anonymous_13)","decl":{"start":{"line":65,"column":21},"end":{"line":65,"column":22}},"loc":{"start":{"line":65,"column":26},"end":{"line":69,"column":5}},"line":65},"14":{"name":"(anonymous_14)","decl":{"start":{"line":72,"column":12},"end":{"line":72,"column":13}},"loc":{"start":{"line":72,"column":22},"end":{"line":72,"column":45}},"line":72},"15":{"name":"(anonymous_15)","decl":{"start":{"line":76,"column":2},"end":{"line":76,"column":3}},"loc":{"start":{"line":76,"column":26},"end":{"line":92,"column":3}},"line":76},"16":{"name":"(anonymous_16)","decl":{"start":{"line":94,"column":2},"end":{"line":94,"column":3}},"loc":{"start":{"line":94,"column":38},"end":{"line":108,"column":3}},"line":94},"17":{"name":"(anonymous_17)","decl":{"start":{"line":95,"column":20},"end":{"line":95,"column":21}},"loc":{"start":{"line":95,"column":25},"end":{"line":95,"column":50}},"line":95},"18":{"name":"(anonymous_18)","decl":{"start":{"line":99,"column":20},"end":{"line":99,"column":21}},"loc":{"start":{"line":99,"column":25},"end":{"line":99,"column":49}},"line":99},"19":{"name":"(anonymous_19)","decl":{"start":{"line":110,"column":2},"end":{"line":110,"column":3}},"loc":{"start":{"line":110,"column":27},"end":{"line":121,"column":3}},"line":110}},"branchMap":{"0":{"loc":{"start":{"line":12,"column":4},"end":{"line":14,"column":5}},"type":"if","locations":[{"start":{"line":12,"column":4},"end":{"line":14,"column":5}},{"start":{},"end":{}}],"line":12},"1":{"loc":{"start":{"line":42,"column":27},"end":{"line":42,"column":47}},"type":"binary-expr","locations":[{"start":{"line":42,"column":27},"end":{"line":42,"column":42}},{"start":{"line":42,"column":46},"end":{"line":42,"column":47}}],"line":42},"2":{"loc":{"start":{"line":50,"column":4},"end":{"line":50,"column":47}},"type":"if","locations":[{"start":{"line":50,"column":4},"end":{"line":50,"column":47}},{"start":{},"end":{}}],"line":50},"3":{"loc":{"start":{"line":66,"column":6},"end":{"line":68,"column":7}},"type":"if","locations":[{"start":{"line":66,"column":6},"end":{"line":68,"column":7}},{"start":{},"end":{}}],"line":66},"4":{"loc":{"start":{"line":79,"column":4},"end":{"line":81,"column":5}},"type":"if","locations":[{"start":{"line":79,"column":4},"end":{"line":81,"column":5}},{"start":{},"end":{}}],"line":79},"5":{"loc":{"start":{"line":95,"column":4},"end":{"line":97,"column":5}},"type":"if","locations":[{"start":{"line":95,"column":4},"end":{"line":97,"column":5}},{"start":{},"end":{}}],"line":95},"6":{"loc":{"start":{"line":99,"column":4},"end":{"line":101,"column":5}},"type":"if","locations":[{"start":{"line":99,"column":4},"end":{"line":101,"column":5}},{"start":{},"end":{}}],"line":99},"7":{"loc":{"start":{"line":103,"column":4},"end":{"line":105,"column":5}},"type":"if","locations":[{"start":{"line":103,"column":4},"end":{"line":105,"column":5}},{"start":{},"end":{}}],"line":103},"8":{"loc":{"start":{"line":103,"column":8},"end":{"line":103,"column":61}},"type":"binary-expr","locations":[{"start":{"line":103,"column":8},"end":{"line":103,"column":38}},{"start":{"line":103,"column":42},"end":{"line":103,"column":61}}],"line":103}},"s":{"0":1,"1":1,"2":1,"3":1,"4":1,"5":1,"6":0,"7":3,"8":3,"9":3,"10":3,"11":3,"12":0,"13":0,"14":0,"15":0,"16":0,"17":6,"18":6,"19":0,"20":6,"21":12,"22":12,"23":6,"24":6,"25":3,"26":3,"27":3,"28":6,"29":0,"30":3,"31":0,"32":6,"33":6,"34":0,"35":6,"36":6,"37":6,"38":6,"39":0,"40":0,"41":6,"42":0,"43":0,"44":6,"45":6,"46":0,"47":3,"48":3,"49":3,"50":3,"51":3,"52":3,"53":1},"f":{"0":1,"1":1,"2":3,"3":3,"4":0,"5":0,"6":0,"7":0,"8":6,"9":12,"10":12,"11":6,"12":3,"13":6,"14":0,"15":6,"16":6,"17":0,"18":0,"19":3},"b":{"0":[0,1],"1":[0,0],"2":[0,6],"3":[0,6],"4":[0,6],"5":[0,6],"6":[0,6],"7":[6,0],"8":[6,6]},"_coverageSchema":"1a1c01bbd47fc00a2c39e90264f33305004495a9","hash":"2bccfa2d8e626d27b856f4d6a71ca4abff86ec1e"}
}
