TN:
SF:config/ai/config.js
FNF:0
FNH:0
DA:7,1
LF:1
LH:1
BRF:0
BRH:0
end_of_record
TN:
SF:scripts/ai/alert-manager.js
FN:5,(anonymous_0)
FN:11,(anonymous_1)
FN:17,(anonymous_2)
FN:29,(anonymous_3)
FN:42,(anonymous_4)
FN:68,(anonymous_5)
FN:83,(anonymous_6)
FN:93,(anonymous_7)
FN:126,(anonymous_8)
FN:143,(anonymous_9)
FN:147,(anonymous_10)
FN:151,(anonymous_11)
FN:155,(anonymous_12)
FN:164,(anonymous_13)
FN:167,(anonymous_14)
FNF:15
FNH:3
FNDA:1,(anonymous_0)
FNDA:1,(anonymous_1)
FNDA:0,(anonymous_2)
FNDA:0,(anonymous_3)
FNDA:0,(anonymous_4)
FNDA:0,(anonymous_5)
FNDA:0,(anonymous_6)
FNDA:0,(anonymous_7)
FNDA:0,(anonymous_8)
FNDA:0,(anonymous_9)
FNDA:0,(anonymous_10)
FNDA:0,(anonymous_11)
FNDA:16,(anonymous_12)
FNDA:0,(anonymous_13)
FNDA:0,(anonymous_14)
DA:1,1
DA:2,1
DA:6,1
DA:7,1
DA:8,1
DA:12,1
DA:13,0
DA:18,0
DA:19,0
DA:20,0
DA:21,0
DA:22,0
DA:24,0
DA:25,0
DA:30,0
DA:39,0
DA:43,0
DA:45,0
DA:46,0
DA:47,0
DA:49,0
DA:54,0
DA:57,0
DA:62,0
DA:65,0
DA:69,0
DA:71,0
DA:72,0
DA:73,0
DA:75,0
DA:76,0
DA:77,0
DA:80,0
DA:84,0
DA:85,0
DA:87,0
DA:90,0
DA:94,0
DA:95,0
DA:97,0
DA:98,0
DA:102,0
DA:103,0
DA:107,0
DA:119,0
DA:120,0
DA:123,0
DA:128,0
DA:131,0
DA:133,0
DA:134,0
DA:136,0
DA:137,0
DA:139,0
DA:144,0
DA:148,0
DA:152,0
DA:156,16
DA:157,16
DA:159,16
DA:162,16
DA:164,0
DA:168,0
DA:169,0
DA:170,0
DA:173,0
DA:174,0
DA:175,0
DA:177,0
DA:178,0
DA:180,0
DA:184,1
LF:72
LH:11
BRDA:12,0,0,0
BRDA:12,0,1,1
BRDA:43,1,0,0
BRDA:43,1,1,0
BRDA:46,2,0,0
BRDA:46,2,1,0
BRDA:47,3,0,0
BRDA:47,3,1,0
BRDA:49,4,0,0
BRDA:49,4,1,0
BRDA:50,5,0,0
BRDA:50,5,1,0
BRDA:50,5,2,0
BRDA:57,6,0,0
BRDA:57,6,1,0
BRDA:58,7,0,0
BRDA:58,7,1,0
BRDA:58,7,2,0
BRDA:69,8,0,0
BRDA:69,8,1,0
BRDA:71,9,0,0
BRDA:71,9,1,0
BRDA:72,10,0,0
BRDA:72,10,1,0
BRDA:73,11,0,0
BRDA:73,11,1,0
BRDA:75,12,0,0
BRDA:75,12,1,0
BRDA:76,13,0,0
BRDA:76,13,1,0
BRDA:77,14,0,0
BRDA:77,14,1,0
BRDA:97,15,0,0
BRDA:97,15,1,0
BRDA:102,16,0,0
BRDA:102,16,1,0
BRDA:119,17,0,0
BRDA:119,17,1,0
BRDA:131,18,0,0
BRDA:131,18,1,0
BRDA:131,18,2,0
BRDA:157,19,0,0
BRDA:157,19,1,16
BRDA:162,20,0,16
BRDA:162,20,1,0
BRDA:169,21,0,0
BRDA:169,21,1,0
BRF:47
BRH:3
end_of_record
TN:
SF:scripts/ai/dashboard.js
FN:8,(anonymous_0)
FN:13,(anonymous_1)
FN:19,(anonymous_2)
FN:39,(anonymous_3)
FN:47,(anonymous_4)
FN:48,(anonymous_5)
FN:54,(anonymous_6)
FN:59,(anonymous_7)
FN:60,(anonymous_8)
FN:61,(anonymous_9)
FN:66,(anonymous_10)
FN:71,(anonymous_11)
FN:72,(anonymous_12)
FN:73,(anonymous_13)
FN:77,(anonymous_14)
FN:82,(anonymous_15)
FN:91,(anonymous_16)
FN:102,(anonymous_17)
FN:197,(anonymous_18)
FN:206,(anonymous_19)
FN:217,(anonymous_20)
FN:244,(anonymous_21)
FNF:22
FNH:14
FNDA:1,(anonymous_0)
FNDA:1,(anonymous_1)
FNDA:3,(anonymous_2)
FNDA:3,(anonymous_3)
FNDA:0,(anonymous_4)
FNDA:0,(anonymous_5)
FNDA:4,(anonymous_6)
FNDA:0,(anonymous_7)
FNDA:0,(anonymous_8)
FNDA:0,(anonymous_9)
FNDA:4,(anonymous_10)
FNDA:8,(anonymous_11)
FNDA:8,(anonymous_12)
FNDA:4,(anonymous_13)
FNDA:3,(anonymous_14)
FNDA:4,(anonymous_15)
FNDA:3,(anonymous_16)
FNDA:4,(anonymous_17)
FNDA:0,(anonymous_18)
FNDA:8,(anonymous_19)
FNDA:0,(anonymous_20)
FNDA:0,(anonymous_21)
DA:1,1
DA:2,1
DA:3,1
DA:4,1
DA:5,1
DA:9,1
DA:10,1
DA:14,1
DA:15,0
DA:20,3
DA:21,3
DA:30,3
DA:31,3
DA:32,3
DA:34,0
DA:35,0
DA:40,3
DA:41,3
DA:43,3
DA:47,0
DA:48,0
DA:55,4
DA:56,4
DA:59,0
DA:60,0
DA:61,0
DA:67,4
DA:68,4
DA:70,4
DA:71,8
DA:72,8
DA:73,4
DA:78,3
DA:79,3
DA:83,4
DA:84,4
DA:85,0
DA:88,4
DA:92,3
DA:93,3
DA:95,3
DA:98,3
DA:99,3
DA:103,4
DA:197,0
DA:206,8
DA:217,0
DA:234,4
DA:238,1
DA:241,1
DA:242,0
DA:243,0
DA:244,0
LF:53
LH:39
BRDA:14,0,0,0
BRDA:14,0,1,1
BRDA:68,1,0,0
BRDA:68,1,1,4
BRDA:84,2,0,0
BRDA:84,2,1,4
BRDA:181,3,0,4
BRDA:181,3,1,0
BRDA:209,4,0,3
BRDA:209,4,1,5
BRDA:241,5,0,0
BRDA:241,5,1,1
BRF:12
BRH:7
end_of_record
TN:
SF:scripts/ai/llama_integration.js
FN:8,(anonymous_0)
FN:14,(anonymous_1)
FN:20,(anonymous_2)
FN:39,(anonymous_3)
FN:59,(anonymous_4)
FN:68,(anonymous_5)
FN:77,(anonymous_6)
FN:86,(anonymous_7)
FN:95,(anonymous_8)
FN:104,(anonymous_9)
FN:132,(anonymous_10)
FN:152,(anonymous_11)
FN:178,(anonymous_12)
FNF:13
FNH:2
FNDA:1,(anonymous_0)
FNDA:1,(anonymous_1)
FNDA:0,(anonymous_2)
FNDA:0,(anonymous_3)
FNDA:0,(anonymous_4)
FNDA:0,(anonymous_5)
FNDA:0,(anonymous_6)
FNDA:0,(anonymous_7)
FNDA:0,(anonymous_8)
FNDA:0,(anonymous_9)
FNDA:0,(anonymous_10)
FNDA:0,(anonymous_11)
FNDA:0,(anonymous_12)
DA:1,1
DA:2,1
DA:3,1
DA:4,1
DA:5,1
DA:9,1
DA:10,1
DA:11,1
DA:15,1
DA:16,0
DA:21,0
DA:23,0
DA:25,0
DA:26,0
DA:29,0
DA:31,0
DA:32,0
DA:34,0
DA:35,0
DA:40,0
DA:51,0
DA:56,0
DA:60,0
DA:61,0
DA:62,0
DA:64,0
DA:69,0
DA:70,0
DA:71,0
DA:73,0
DA:78,0
DA:79,0
DA:87,0
DA:88,0
DA:89,0
DA:91,0
DA:96,0
DA:97,0
DA:98,0
DA:100,0
DA:105,0
DA:107,0
DA:133,0
DA:134,0
DA:137,0
DA:140,0
DA:143,0
DA:145,0
DA:147,0
DA:148,0
DA:153,0
DA:163,0
DA:164,0
DA:167,0
DA:168,0
DA:172,1
DA:175,1
DA:176,0
DA:177,0
DA:178,0
LF:60
LH:11
BRDA:15,0,0,0
BRDA:15,0,1,1
BRDA:164,1,0,0
BRDA:164,1,1,0
BRDA:175,2,0,0
BRDA:175,2,1,1
BRF:6
BRH:2
end_of_record
TN:
SF:scripts/ai/reporter.js
FN:6,(anonymous_0)
FN:11,(anonymous_1)
FN:17,(anonymous_2)
FN:31,(anonymous_3)
FN:37,(anonymous_4)
FN:38,(anonymous_5)
FN:39,(anonymous_6)
FN:41,(anonymous_7)
FN:48,(anonymous_8)
FN:53,(anonymous_9)
FN:54,(anonymous_10)
FN:55,(anonymous_11)
FN:61,(anonymous_12)
FN:65,(anonymous_13)
FN:72,(anonymous_14)
FN:76,(anonymous_15)
FN:94,(anonymous_16)
FN:95,(anonymous_17)
FN:99,(anonymous_18)
FN:110,(anonymous_19)
FNF:20
FNH:13
FNDA:1,(anonymous_0)
FNDA:1,(anonymous_1)
FNDA:3,(anonymous_2)
FNDA:3,(anonymous_3)
FNDA:0,(anonymous_4)
FNDA:0,(anonymous_5)
FNDA:0,(anonymous_6)
FNDA:0,(anonymous_7)
FNDA:6,(anonymous_8)
FNDA:12,(anonymous_9)
FNDA:12,(anonymous_10)
FNDA:6,(anonymous_11)
FNDA:3,(anonymous_12)
FNDA:6,(anonymous_13)
FNDA:0,(anonymous_14)
FNDA:6,(anonymous_15)
FNDA:6,(anonymous_16)
FNDA:0,(anonymous_17)
FNDA:0,(anonymous_18)
FNDA:3,(anonymous_19)
DA:1,1
DA:2,1
DA:3,1
DA:7,1
DA:8,1
DA:12,1
DA:13,0
DA:18,3
DA:27,3
DA:28,3
DA:32,3
DA:34,3
DA:37,0
DA:38,0
DA:39,0
DA:42,0
DA:43,0
DA:49,6
DA:50,6
DA:52,6
DA:53,12
DA:54,12
DA:55,6
DA:58,6
DA:62,3
DA:63,3
DA:65,3
DA:66,6
DA:67,0
DA:71,3
DA:72,0
DA:78,6
DA:79,6
DA:80,0
DA:83,6
DA:84,6
DA:86,6
DA:95,6
DA:96,0
DA:99,6
DA:100,0
DA:103,6
DA:104,6
DA:107,0
DA:111,3
DA:112,3
DA:114,3
DA:117,3
DA:118,3
DA:120,3
DA:124,1
LF:51
LH:39
BRDA:12,0,0,0
BRDA:12,0,1,1
BRDA:42,1,0,0
BRDA:42,1,1,0
BRDA:50,2,0,0
BRDA:50,2,1,6
BRDA:66,3,0,0
BRDA:66,3,1,6
BRDA:79,4,0,0
BRDA:79,4,1,6
BRDA:95,5,0,0
BRDA:95,5,1,6
BRDA:99,6,0,0
BRDA:99,6,1,6
BRDA:103,7,0,6
BRDA:103,7,1,0
BRDA:103,8,0,6
BRDA:103,8,1,6
BRF:18
BRH:9
end_of_record
