TN:
SF:config/ai/config.js
FNF:0
FNH:0
DA:7,1
LF:1
LH:1
BRF:0
BRH:0
end_of_record
TN:
SF:scripts/ai/alert-manager.js
FN:5,(anonymous_0)
FN:11,(anonymous_1)
FN:17,(anonymous_2)
FN:29,(anonymous_3)
FN:42,(anonymous_4)
FN:68,(anonymous_5)
FN:83,(anonymous_6)
FN:93,(anonymous_7)
FN:126,(anonymous_8)
FN:143,(anonymous_9)
FN:147,(anonymous_10)
FN:151,(anonymous_11)
FN:155,(anonymous_12)
FN:164,(anonymous_13)
FN:167,(anonymous_14)
FNF:15
FNH:11
FNDA:1,(anonymous_0)
FNDA:1,(anonymous_1)
FNDA:1,(anonymous_2)
FNDA:2,(anonymous_3)
FNDA:2,(anonymous_4)
FNDA:4,(anonymous_5)
FNDA:1,(anonymous_6)
FNDA:1,(anonymous_7)
FNDA:1,(anonymous_8)
FNDA:1,(anonymous_9)
FNDA:0,(anonymous_10)
FNDA:0,(anonymous_11)
FNDA:3,(anonymous_12)
FNDA:0,(anonymous_13)
FNDA:0,(anonymous_14)
DA:1,1
DA:2,1
DA:6,1
DA:7,1
DA:8,1
DA:12,1
DA:13,0
DA:18,1
DA:19,1
DA:20,1
DA:21,1
DA:22,1
DA:24,0
DA:25,0
DA:30,2
DA:39,2
DA:43,2
DA:45,2
DA:46,2
DA:47,2
DA:49,2
DA:54,2
DA:57,0
DA:62,0
DA:65,0
DA:69,4
DA:71,4
DA:72,4
DA:73,4
DA:75,4
DA:76,1
DA:77,0
DA:80,0
DA:84,1
DA:85,1
DA:87,1
DA:90,1
DA:94,1
DA:95,1
DA:97,1
DA:98,1
DA:102,1
DA:103,1
DA:107,1
DA:119,1
DA:120,0
DA:123,1
DA:128,1
DA:131,1
DA:133,1
DA:134,1
DA:136,0
DA:137,0
DA:139,0
DA:144,1
DA:148,0
DA:152,0
DA:156,3
DA:157,3
DA:159,3
DA:162,3
DA:164,0
DA:168,0
DA:169,0
DA:170,0
DA:173,0
DA:174,0
DA:175,0
DA:177,0
DA:178,0
DA:180,0
DA:184,1
LF:72
LH:48
BRDA:12,0,0,0
BRDA:12,0,1,1
BRDA:43,1,0,0
BRDA:43,1,1,2
BRDA:46,2,0,2
BRDA:46,2,1,0
BRDA:47,3,0,2
BRDA:47,3,1,0
BRDA:49,4,0,2
BRDA:49,4,1,0
BRDA:50,5,0,2
BRDA:50,5,1,0
BRDA:50,5,2,0
BRDA:57,6,0,0
BRDA:57,6,1,0
BRDA:58,7,0,0
BRDA:58,7,1,0
BRDA:58,7,2,0
BRDA:69,8,0,0
BRDA:69,8,1,4
BRDA:71,9,0,4
BRDA:71,9,1,0
BRDA:72,10,0,3
BRDA:72,10,1,1
BRDA:73,11,0,3
BRDA:73,11,1,1
BRDA:75,12,0,3
BRDA:75,12,1,1
BRDA:76,13,0,1
BRDA:76,13,1,0
BRDA:77,14,0,0
BRDA:77,14,1,0
BRDA:97,15,0,1
BRDA:97,15,1,0
BRDA:102,16,0,1
BRDA:102,16,1,0
BRDA:119,17,0,0
BRDA:119,17,1,1
BRDA:131,18,0,1
BRDA:131,18,1,0
BRDA:131,18,2,0
BRDA:157,19,0,0
BRDA:157,19,1,3
BRDA:162,20,0,3
BRDA:162,20,1,0
BRDA:169,21,0,0
BRDA:169,21,1,0
BRF:47
BRH:21
end_of_record
TN:
SF:scripts/ai/reporter.js
FN:6,(anonymous_0)
FN:11,(anonymous_1)
FN:17,(anonymous_2)
FN:31,(anonymous_3)
FN:37,(anonymous_4)
FN:38,(anonymous_5)
FN:39,(anonymous_6)
FN:41,(anonymous_7)
FN:48,(anonymous_8)
FN:53,(anonymous_9)
FN:54,(anonymous_10)
FN:55,(anonymous_11)
FN:61,(anonymous_12)
FN:65,(anonymous_13)
FN:72,(anonymous_14)
FN:76,(anonymous_15)
FN:94,(anonymous_16)
FN:95,(anonymous_17)
FN:99,(anonymous_18)
FN:110,(anonymous_19)
FNF:20
FNH:15
FNDA:1,(anonymous_0)
FNDA:1,(anonymous_1)
FNDA:1,(anonymous_2)
FNDA:2,(anonymous_3)
FNDA:0,(anonymous_4)
FNDA:0,(anonymous_5)
FNDA:0,(anonymous_6)
FNDA:0,(anonymous_7)
FNDA:2,(anonymous_8)
FNDA:4,(anonymous_9)
FNDA:4,(anonymous_10)
FNDA:2,(anonymous_11)
FNDA:1,(anonymous_12)
FNDA:2,(anonymous_13)
FNDA:0,(anonymous_14)
FNDA:1,(anonymous_15)
FNDA:4,(anonymous_16)
FNDA:2,(anonymous_17)
FNDA:1,(anonymous_18)
FNDA:1,(anonymous_19)
DA:1,1
DA:2,1
DA:3,1
DA:7,1
DA:8,1
DA:12,1
DA:13,0
DA:18,1
DA:27,1
DA:28,1
DA:32,2
DA:34,2
DA:37,0
DA:38,0
DA:39,0
DA:42,0
DA:43,0
DA:49,2
DA:50,2
DA:52,2
DA:53,4
DA:54,4
DA:55,2
DA:58,2
DA:62,1
DA:63,1
DA:65,1
DA:66,2
DA:67,0
DA:71,1
DA:72,0
DA:78,1
DA:79,1
DA:80,0
DA:83,1
DA:84,1
DA:86,1
DA:95,4
DA:96,1
DA:99,3
DA:100,1
DA:103,2
DA:104,2
DA:107,0
DA:111,1
DA:112,1
DA:114,1
DA:117,1
DA:118,1
DA:120,1
DA:124,1
LF:51
LH:41
BRDA:12,0,0,0
BRDA:12,0,1,1
BRDA:42,1,0,0
BRDA:42,1,1,0
BRDA:50,2,0,0
BRDA:50,2,1,2
BRDA:66,3,0,0
BRDA:66,3,1,2
BRDA:79,4,0,0
BRDA:79,4,1,1
BRDA:95,5,0,1
BRDA:95,5,1,3
BRDA:99,6,0,1
BRDA:99,6,1,2
BRDA:103,7,0,2
BRDA:103,7,1,0
BRDA:103,8,0,2
BRDA:103,8,1,2
BRF:18
BRH:11
end_of_record
